2014/03/14 20:45:43 [error] [exception.CHttpException.404] exception 'CHttpException' with message 'Unable to resolve the request "gii/model/index".' in C:\wamp\www\yii\framework\web\CWebApplication.php:286
Stack trace:
#0 C:\wamp\www\yii\framework\web\CWebApplication.php(141): CWebApplication->runController('gii/model/index')
#1 C:\wamp\www\yii\framework\base\CApplication.php(180): CWebApplication->processRequest()
#2 C:\wamp\www\yii\prueba_1\index.php(13): CApplication->run()
#3 {main}
REQUEST_URI=/yii/prueba_1/index.php?r=gii/model/index
---
2014/03/14 20:48:47 [error] [exception.CHttpException.404] exception 'CHttpException' with message 'Unable to resolve the request "gii".' in C:\wamp\www\yii\framework\web\CWebApplication.php:286
Stack trace:
#0 C:\wamp\www\yii\framework\web\CWebApplication.php(141): CWebApplication->runController('gii')
#1 C:\wamp\www\yii\framework\base\CApplication.php(180): CWebApplication->processRequest()
#2 C:\wamp\www\yii\prueba_1\index.php(13): CApplication->run()
#3 {main}
REQUEST_URI=/yii/prueba_1/index.php?r=gii
---
2014/03/14 20:49:14 [error] [exception.CHttpException.404] exception 'CHttpException' with message 'Unable to resolve the request "gii".' in C:\wamp\www\yii\framework\web\CWebApplication.php:286
Stack trace:
#0 C:\wamp\www\yii\framework\web\CWebApplication.php(141): CWebApplication->runController('gii')
#1 C:\wamp\www\yii\framework\base\CApplication.php(180): CWebApplication->processRequest()
#2 C:\wamp\www\yii\prueba_1\index.php(13): CApplication->run()
#3 {main}
REQUEST_URI=/yii/prueba_1/index.php?r=gii
---
2014/03/14 20:49:42 [error] [exception.CHttpException.404] exception 'CHttpException' with message 'Unable to resolve the request "gii".' in C:\wamp\www\yii\framework\web\CWebApplication.php:286
Stack trace:
#0 C:\wamp\www\yii\framework\web\CWebApplication.php(141): CWebApplication->runController('gii')
#1 C:\wamp\www\yii\framework\base\CApplication.php(180): CWebApplication->processRequest()
#2 C:\wamp\www\yii\prueba_1\index.php(13): CApplication->run()
#3 {main}
REQUEST_URI=/yii/prueba_1/index.php?r=gii
---
2014/03/14 20:50:11 [error] [exception.CHttpException.404] exception 'CHttpException' with message 'Unable to resolve the request "gii".' in C:\wamp\www\yii\framework\web\CWebApplication.php:286
Stack trace:
#0 C:\wamp\www\yii\framework\web\CWebApplication.php(141): CWebApplication->runController('gii')
#1 C:\wamp\www\yii\framework\base\CApplication.php(180): CWebApplication->processRequest()
#2 C:\wamp\www\yii\prueba_1\index.php(13): CApplication->run()
#3 {main}
REQUEST_URI=/yii/prueba_1/index.php?r=gii
---
2014/04/03 18:26:08 [error] [exception.CException] exception 'CException' with message 'Property "CWebUser.ui" is not defined.' in C:\wamp\www\yii\framework\base\CComponent.php:130
Stack trace:
#0 C:\wamp\www\yii\framework\web\auth\CWebUser.php(146): CComponent->__get('ui')
#1 C:\wamp\www\prueba_1\protected\views\layouts\main.php(57): CWebUser->__get('ui')
#2 C:\wamp\www\yii\framework\web\CBaseController.php(126): require('C:\wamp\www\pru...')
#3 C:\wamp\www\yii\framework\web\CBaseController.php(95): CBaseController->renderInternal('C:\wamp\www\pru...', Array, true)
#4 C:\wamp\www\yii\framework\web\widgets\CContentDecorator.php(76): CBaseController->renderFile('C:\wamp\www\pru...', Array, true)
#5 C:\wamp\www\yii\framework\web\widgets\CContentDecorator.php(54): CContentDecorator->decorate('<div id="conten...')
#6 C:\wamp\www\yii\framework\web\widgets\COutputProcessor.php(44): CContentDecorator->processOutput('<div id="conten...')
#7 C:\wamp\www\yii\framework\web\CBaseController.php(206): COutputProcessor->run()
#8 C:\wamp\www\yii\framework\web\CBaseController.php(300): CBaseController->endWidget('CContentDecorat...')
#9 C:\wamp\www\prueba_1\protected\views\layouts\column1.php(6): CBaseController->endContent()
#10 C:\wamp\www\yii\framework\web\CBaseController.php(126): require('C:\wamp\www\pru...')
#11 C:\wamp\www\yii\framework\web\CBaseController.php(95): CBaseController->renderInternal('C:\wamp\www\pru...', Array, true)
#12 C:\wamp\www\yii\framework\web\CController.php(784): CBaseController->renderFile('C:\wamp\www\pru...', Array, true)
#13 C:\wamp\www\prueba_1\protected\controllers\SiteController.php(32): CController->render('index')
#14 C:\wamp\www\yii\framework\web\actions\CInlineAction.php(49): SiteController->actionIndex()
#15 C:\wamp\www\yii\framework\web\CController.php(308): CInlineAction->runWithParams(Array)
#16 C:\wamp\www\yii\framework\web\CController.php(286): CController->runAction(Object(CInlineAction))
#17 C:\wamp\www\yii\framework\web\CController.php(265): CController->runActionWithFilters(Object(CInlineAction), Array)
#18 C:\wamp\www\yii\framework\web\CWebApplication.php(282): CController->run('')
#19 C:\wamp\www\yii\framework\web\CWebApplication.php(141): CWebApplication->runController('')
#20 C:\wamp\www\yii\framework\base\CApplication.php(180): CWebApplication->processRequest()
#21 C:\wamp\www\prueba_1\index.php(13): CApplication->run()
#22 {main}
REQUEST_URI=/prueba_1/
HTTP_REFERER=http://localhost/
---
2014/04/03 18:51:46 [error] [exception.CException] exception 'CException' with message 'Property "CWebUser.ui" is not defined.' in C:\wamp\www\yii\framework\base\CComponent.php:130
Stack trace:
#0 C:\wamp\www\yii\framework\web\auth\CWebUser.php(146): CComponent->__get('ui')
#1 C:\wamp\www\prueba_1\protected\views\layouts\main.php(57): CWebUser->__get('ui')
#2 C:\wamp\www\yii\framework\web\CBaseController.php(126): require('C:\wamp\www\pru...')
#3 C:\wamp\www\yii\framework\web\CBaseController.php(95): CBaseController->renderInternal('C:\wamp\www\pru...', Array, true)
#4 C:\wamp\www\yii\framework\web\widgets\CContentDecorator.php(76): CBaseController->renderFile('C:\wamp\www\pru...', Array, true)
#5 C:\wamp\www\yii\framework\web\widgets\CContentDecorator.php(54): CContentDecorator->decorate('<div id="conten...')
#6 C:\wamp\www\yii\framework\web\widgets\COutputProcessor.php(44): CContentDecorator->processOutput('<div id="conten...')
#7 C:\wamp\www\yii\framework\web\CBaseController.php(206): COutputProcessor->run()
#8 C:\wamp\www\yii\framework\web\CBaseController.php(300): CBaseController->endWidget('CContentDecorat...')
#9 C:\wamp\www\prueba_1\protected\views\layouts\column1.php(6): CBaseController->endContent()
#10 C:\wamp\www\yii\framework\web\CBaseController.php(126): require('C:\wamp\www\pru...')
#11 C:\wamp\www\yii\framework\web\CBaseController.php(95): CBaseController->renderInternal('C:\wamp\www\pru...', Array, true)
#12 C:\wamp\www\yii\framework\web\CController.php(784): CBaseController->renderFile('C:\wamp\www\pru...', Array, true)
#13 C:\wamp\www\prueba_1\protected\controllers\SiteController.php(32): CController->render('index')
#14 C:\wamp\www\yii\framework\web\actions\CInlineAction.php(49): SiteController->actionIndex()
#15 C:\wamp\www\yii\framework\web\CController.php(308): CInlineAction->runWithParams(Array)
#16 C:\wamp\www\yii\framework\web\CController.php(286): CController->runAction(Object(CInlineAction))
#17 C:\wamp\www\yii\framework\web\CController.php(265): CController->runActionWithFilters(Object(CInlineAction), Array)
#18 C:\wamp\www\yii\framework\web\CWebApplication.php(282): CController->run('')
#19 C:\wamp\www\yii\framework\web\CWebApplication.php(141): CWebApplication->runController('')
#20 C:\wamp\www\yii\framework\base\CApplication.php(180): CWebApplication->processRequest()
#21 C:\wamp\www\prueba_1\index.php(13): CApplication->run()
#22 {main}
REQUEST_URI=/prueba_1/
HTTP_REFERER=http://localhost/
---
2014/04/03 18:51:47 [error] [exception.CException] exception 'CException' with message 'Property "CWebUser.ui" is not defined.' in C:\wamp\www\yii\framework\base\CComponent.php:130
Stack trace:
#0 C:\wamp\www\yii\framework\web\auth\CWebUser.php(146): CComponent->__get('ui')
#1 C:\wamp\www\prueba_1\protected\views\layouts\main.php(57): CWebUser->__get('ui')
#2 C:\wamp\www\yii\framework\web\CBaseController.php(126): require('C:\wamp\www\pru...')
#3 C:\wamp\www\yii\framework\web\CBaseController.php(95): CBaseController->renderInternal('C:\wamp\www\pru...', Array, true)
#4 C:\wamp\www\yii\framework\web\widgets\CContentDecorator.php(76): CBaseController->renderFile('C:\wamp\www\pru...', Array, true)
#5 C:\wamp\www\yii\framework\web\widgets\CContentDecorator.php(54): CContentDecorator->decorate('<div id="conten...')
#6 C:\wamp\www\yii\framework\web\widgets\COutputProcessor.php(44): CContentDecorator->processOutput('<div id="conten...')
#7 C:\wamp\www\yii\framework\web\CBaseController.php(206): COutputProcessor->run()
#8 C:\wamp\www\yii\framework\web\CBaseController.php(300): CBaseController->endWidget('CContentDecorat...')
#9 C:\wamp\www\prueba_1\protected\views\layouts\column1.php(6): CBaseController->endContent()
#10 C:\wamp\www\yii\framework\web\CBaseController.php(126): require('C:\wamp\www\pru...')
#11 C:\wamp\www\yii\framework\web\CBaseController.php(95): CBaseController->renderInternal('C:\wamp\www\pru...', Array, true)
#12 C:\wamp\www\yii\framework\web\CController.php(784): CBaseController->renderFile('C:\wamp\www\pru...', Array, true)
#13 C:\wamp\www\prueba_1\protected\controllers\SiteController.php(32): CController->render('index')
#14 C:\wamp\www\yii\framework\web\actions\CInlineAction.php(49): SiteController->actionIndex()
#15 C:\wamp\www\yii\framework\web\CController.php(308): CInlineAction->runWithParams(Array)
#16 C:\wamp\www\yii\framework\web\CController.php(286): CController->runAction(Object(CInlineAction))
#17 C:\wamp\www\yii\framework\web\CController.php(265): CController->runActionWithFilters(Object(CInlineAction), Array)
#18 C:\wamp\www\yii\framework\web\CWebApplication.php(282): CController->run('')
#19 C:\wamp\www\yii\framework\web\CWebApplication.php(141): CWebApplication->runController('')
#20 C:\wamp\www\yii\framework\base\CApplication.php(180): CWebApplication->processRequest()
#21 C:\wamp\www\prueba_1\index.php(13): CApplication->run()
#22 {main}
REQUEST_URI=/prueba_1/
HTTP_REFERER=http://localhost/
---
2014/04/03 18:54:26 [error] [exception.CException] exception 'CException' with message 'Property "CWebUser.ui" is not defined.' in C:\wamp\www\yii\framework\base\CComponent.php:130
Stack trace:
#0 C:\wamp\www\yii\framework\web\auth\CWebUser.php(146): CComponent->__get('ui')
#1 C:\wamp\www\prueba_1\protected\views\layouts\main.php(57): CWebUser->__get('ui')
#2 C:\wamp\www\yii\framework\web\CBaseController.php(126): require('C:\wamp\www\pru...')
#3 C:\wamp\www\yii\framework\web\CBaseController.php(95): CBaseController->renderInternal('C:\wamp\www\pru...', Array, true)
#4 C:\wamp\www\yii\framework\web\widgets\CContentDecorator.php(76): CBaseController->renderFile('C:\wamp\www\pru...', Array, true)
#5 C:\wamp\www\yii\framework\web\widgets\CContentDecorator.php(54): CContentDecorator->decorate('<div id="conten...')
#6 C:\wamp\www\yii\framework\web\widgets\COutputProcessor.php(44): CContentDecorator->processOutput('<div id="conten...')
#7 C:\wamp\www\yii\framework\web\CBaseController.php(206): COutputProcessor->run()
#8 C:\wamp\www\yii\framework\web\CBaseController.php(300): CBaseController->endWidget('CContentDecorat...')
#9 C:\wamp\www\prueba_1\protected\views\layouts\column1.php(6): CBaseController->endContent()
#10 C:\wamp\www\yii\framework\web\CBaseController.php(126): require('C:\wamp\www\pru...')
#11 C:\wamp\www\yii\framework\web\CBaseController.php(95): CBaseController->renderInternal('C:\wamp\www\pru...', Array, true)
#12 C:\wamp\www\yii\framework\web\CController.php(784): CBaseController->renderFile('C:\wamp\www\pru...', Array, true)
#13 C:\wamp\www\prueba_1\protected\controllers\SiteController.php(32): CController->render('index')
#14 C:\wamp\www\yii\framework\web\actions\CInlineAction.php(49): SiteController->actionIndex()
#15 C:\wamp\www\yii\framework\web\CController.php(308): CInlineAction->runWithParams(Array)
#16 C:\wamp\www\yii\framework\web\CController.php(286): CController->runAction(Object(CInlineAction))
#17 C:\wamp\www\yii\framework\web\CController.php(265): CController->runActionWithFilters(Object(CInlineAction), Array)
#18 C:\wamp\www\yii\framework\web\CWebApplication.php(282): CController->run('')
#19 C:\wamp\www\yii\framework\web\CWebApplication.php(141): CWebApplication->runController('')
#20 C:\wamp\www\yii\framework\base\CApplication.php(180): CWebApplication->processRequest()
#21 C:\wamp\www\prueba_1\index.php(13): CApplication->run()
#22 {main}
REQUEST_URI=/prueba_1/
HTTP_REFERER=http://localhost/
---
2014/04/03 21:05:38 [error] [php] mail() [<a href='function.mail'>function.mail</a>]: Failed to connect to mailserver at &quot;localhost&quot; port 25, verify your &quot;SMTP&quot; and &quot;smtp_port&quot; setting in php.ini or use ini_set() (C:\wamp\www\prueba_1\protected\controllers\SiteController.php:67)
Stack trace:
#0 C:\wamp\www\yii\framework\web\CController.php(308): CInlineAction->runWithParams()
#1 C:\wamp\www\yii\framework\web\CController.php(286): SiteController->runAction()
#2 C:\wamp\www\yii\framework\web\CController.php(265): SiteController->runActionWithFilters()
#3 C:\wamp\www\yii\framework\web\CWebApplication.php(282): SiteController->run()
#4 C:\wamp\www\yii\framework\web\CWebApplication.php(141): CWebApplication->runController()
#5 C:\wamp\www\yii\framework\base\CApplication.php(180): CWebApplication->processRequest()
#6 C:\wamp\www\prueba_1\index.php(13): CWebApplication->run()
REQUEST_URI=/prueba_1/index.php?r=site/contact
in C:\wamp\www\prueba_1\protected\controllers\SiteController.php (67)
in C:\wamp\www\prueba_1\index.php (13)
2014/04/14 15:52:50 [error] [exception.CException] exception 'CException' with message 'Property "ContactForm.ID" is not defined.' in C:\wamp\www\yii\framework\base\CComponent.php:130
Stack trace:
#0 C:\wamp\www\yii\framework\web\helpers\CHtml.php(2529): CComponent->__get('ID')
#1 C:\wamp\www\yii\framework\web\helpers\CHtml.php(2252): CHtml::resolveValue(Object(ContactForm), 'ID')
#2 C:\wamp\www\yii\framework\web\helpers\CHtml.php(1434): CHtml::activeInputField('text', Object(ContactForm), 'ID', Array)
#3 C:\wamp\www\yii\framework\web\widgets\CActiveForm.php(725): CHtml::activeTextField(Object(ContactForm), 'ID', Array)
#4 C:\wamp\www\prueba_1\protected\views\site\contact.php(42): CActiveForm->textField(Object(ContactForm), 'ID')
#5 C:\wamp\www\yii\framework\web\CBaseController.php(126): require('C:\wamp\www\pru...')
#6 C:\wamp\www\yii\framework\web\CBaseController.php(95): CBaseController->renderInternal('C:\wamp\www\pru...', Array, true)
#7 C:\wamp\www\yii\framework\web\CController.php(869): CBaseController->renderFile('C:\wamp\www\pru...', Array, true)
#8 C:\wamp\www\yii\framework\web\CController.php(782): CController->renderPartial('contact', Array, true)
#9 C:\wamp\www\prueba_1\protected\controllers\SiteController.php(72): CController->render('contact', Array)
#10 C:\wamp\www\yii\framework\web\actions\CInlineAction.php(49): SiteController->actionContact()
#11 C:\wamp\www\yii\framework\web\CController.php(308): CInlineAction->runWithParams(Array)
#12 C:\wamp\www\yii\framework\web\CController.php(286): CController->runAction(Object(CInlineAction))
#13 C:\wamp\www\yii\framework\web\CController.php(265): CController->runActionWithFilters(Object(CInlineAction), Array)
#14 C:\wamp\www\yii\framework\web\CWebApplication.php(282): CController->run('contact')
#15 C:\wamp\www\yii\framework\web\CWebApplication.php(141): CWebApplication->runController('site/contact')
#16 C:\wamp\www\yii\framework\base\CApplication.php(180): CWebApplication->processRequest()
#17 C:\wamp\www\prueba_1\index.php(13): CApplication->run()
#18 {main}
REQUEST_URI=/prueba_1/index.php?r=site/contact
HTTP_REFERER=http://localhost/prueba_1/
---
2014/04/14 15:53:25 [error] [exception.CException] exception 'CException' with message 'Property "ContactForm.ID" is not defined.' in C:\wamp\www\yii\framework\base\CComponent.php:130
Stack trace:
#0 C:\wamp\www\yii\framework\web\helpers\CHtml.php(2529): CComponent->__get('ID')
#1 C:\wamp\www\yii\framework\web\helpers\CHtml.php(2252): CHtml::resolveValue(Object(ContactForm), 'ID')
#2 C:\wamp\www\yii\framework\web\helpers\CHtml.php(1434): CHtml::activeInputField('text', Object(ContactForm), 'ID', Array)
#3 C:\wamp\www\yii\framework\web\widgets\CActiveForm.php(725): CHtml::activeTextField(Object(ContactForm), 'ID', Array)
#4 C:\wamp\www\prueba_1\protected\views\site\contact.php(42): CActiveForm->textField(Object(ContactForm), 'ID')
#5 C:\wamp\www\yii\framework\web\CBaseController.php(126): require('C:\wamp\www\pru...')
#6 C:\wamp\www\yii\framework\web\CBaseController.php(95): CBaseController->renderInternal('C:\wamp\www\pru...', Array, true)
#7 C:\wamp\www\yii\framework\web\CController.php(869): CBaseController->renderFile('C:\wamp\www\pru...', Array, true)
#8 C:\wamp\www\yii\framework\web\CController.php(782): CController->renderPartial('contact', Array, true)
#9 C:\wamp\www\prueba_1\protected\controllers\SiteController.php(72): CController->render('contact', Array)
#10 C:\wamp\www\yii\framework\web\actions\CInlineAction.php(49): SiteController->actionContact()
#11 C:\wamp\www\yii\framework\web\CController.php(308): CInlineAction->runWithParams(Array)
#12 C:\wamp\www\yii\framework\web\CController.php(286): CController->runAction(Object(CInlineAction))
#13 C:\wamp\www\yii\framework\web\CController.php(265): CController->runActionWithFilters(Object(CInlineAction), Array)
#14 C:\wamp\www\yii\framework\web\CWebApplication.php(282): CController->run('contact')
#15 C:\wamp\www\yii\framework\web\CWebApplication.php(141): CWebApplication->runController('site/contact')
#16 C:\wamp\www\yii\framework\base\CApplication.php(180): CWebApplication->processRequest()
#17 C:\wamp\www\prueba_1\index.php(13): CApplication->run()
#18 {main}
REQUEST_URI=/prueba_1/index.php?r=site/contact
HTTP_REFERER=http://localhost/prueba_1/
---
2014/04/14 15:53:53 [error] [exception.CException] exception 'CException' with message 'Property "ContactForm.ID" is not defined.' in C:\wamp\www\yii\framework\base\CComponent.php:130
Stack trace:
#0 C:\wamp\www\yii\framework\web\helpers\CHtml.php(2529): CComponent->__get('ID')
#1 C:\wamp\www\yii\framework\web\helpers\CHtml.php(2252): CHtml::resolveValue(Object(ContactForm), 'ID')
#2 C:\wamp\www\yii\framework\web\helpers\CHtml.php(1434): CHtml::activeInputField('text', Object(ContactForm), 'ID', Array)
#3 C:\wamp\www\yii\framework\web\widgets\CActiveForm.php(725): CHtml::activeTextField(Object(ContactForm), 'ID', Array)
#4 C:\wamp\www\prueba_1\protected\views\site\contact.php(42): CActiveForm->textField(Object(ContactForm), 'ID')
#5 C:\wamp\www\yii\framework\web\CBaseController.php(126): require('C:\wamp\www\pru...')
#6 C:\wamp\www\yii\framework\web\CBaseController.php(95): CBaseController->renderInternal('C:\wamp\www\pru...', Array, true)
#7 C:\wamp\www\yii\framework\web\CController.php(869): CBaseController->renderFile('C:\wamp\www\pru...', Array, true)
#8 C:\wamp\www\yii\framework\web\CController.php(782): CController->renderPartial('contact', Array, true)
#9 C:\wamp\www\prueba_1\protected\controllers\SiteController.php(72): CController->render('contact', Array)
#10 C:\wamp\www\yii\framework\web\actions\CInlineAction.php(49): SiteController->actionContact()
#11 C:\wamp\www\yii\framework\web\CController.php(308): CInlineAction->runWithParams(Array)
#12 C:\wamp\www\yii\framework\web\CController.php(286): CController->runAction(Object(CInlineAction))
#13 C:\wamp\www\yii\framework\web\CController.php(265): CController->runActionWithFilters(Object(CInlineAction), Array)
#14 C:\wamp\www\yii\framework\web\CWebApplication.php(282): CController->run('contact')
#15 C:\wamp\www\yii\framework\web\CWebApplication.php(141): CWebApplication->runController('site/contact')
#16 C:\wamp\www\yii\framework\base\CApplication.php(180): CWebApplication->processRequest()
#17 C:\wamp\www\prueba_1\index.php(13): CApplication->run()
#18 {main}
REQUEST_URI=/prueba_1/index.php?r=site/contact
HTTP_REFERER=http://localhost/prueba_1/
---
2014/04/14 15:53:54 [error] [exception.CException] exception 'CException' with message 'Property "ContactForm.ID" is not defined.' in C:\wamp\www\yii\framework\base\CComponent.php:130
Stack trace:
#0 C:\wamp\www\yii\framework\web\helpers\CHtml.php(2529): CComponent->__get('ID')
#1 C:\wamp\www\yii\framework\web\helpers\CHtml.php(2252): CHtml::resolveValue(Object(ContactForm), 'ID')
#2 C:\wamp\www\yii\framework\web\helpers\CHtml.php(1434): CHtml::activeInputField('text', Object(ContactForm), 'ID', Array)
#3 C:\wamp\www\yii\framework\web\widgets\CActiveForm.php(725): CHtml::activeTextField(Object(ContactForm), 'ID', Array)
#4 C:\wamp\www\prueba_1\protected\views\site\contact.php(42): CActiveForm->textField(Object(ContactForm), 'ID')
#5 C:\wamp\www\yii\framework\web\CBaseController.php(126): require('C:\wamp\www\pru...')
#6 C:\wamp\www\yii\framework\web\CBaseController.php(95): CBaseController->renderInternal('C:\wamp\www\pru...', Array, true)
#7 C:\wamp\www\yii\framework\web\CController.php(869): CBaseController->renderFile('C:\wamp\www\pru...', Array, true)
#8 C:\wamp\www\yii\framework\web\CController.php(782): CController->renderPartial('contact', Array, true)
#9 C:\wamp\www\prueba_1\protected\controllers\SiteController.php(72): CController->render('contact', Array)
#10 C:\wamp\www\yii\framework\web\actions\CInlineAction.php(49): SiteController->actionContact()
#11 C:\wamp\www\yii\framework\web\CController.php(308): CInlineAction->runWithParams(Array)
#12 C:\wamp\www\yii\framework\web\CController.php(286): CController->runAction(Object(CInlineAction))
#13 C:\wamp\www\yii\framework\web\CController.php(265): CController->runActionWithFilters(Object(CInlineAction), Array)
#14 C:\wamp\www\yii\framework\web\CWebApplication.php(282): CController->run('contact')
#15 C:\wamp\www\yii\framework\web\CWebApplication.php(141): CWebApplication->runController('site/contact')
#16 C:\wamp\www\yii\framework\base\CApplication.php(180): CWebApplication->processRequest()
#17 C:\wamp\www\prueba_1\index.php(13): CApplication->run()
#18 {main}
REQUEST_URI=/prueba_1/index.php?r=site/contact
HTTP_REFERER=http://localhost/prueba_1/
---
2014/04/14 15:53:55 [error] [exception.CException] exception 'CException' with message 'Property "ContactForm.ID" is not defined.' in C:\wamp\www\yii\framework\base\CComponent.php:130
Stack trace:
#0 C:\wamp\www\yii\framework\web\helpers\CHtml.php(2529): CComponent->__get('ID')
#1 C:\wamp\www\yii\framework\web\helpers\CHtml.php(2252): CHtml::resolveValue(Object(ContactForm), 'ID')
#2 C:\wamp\www\yii\framework\web\helpers\CHtml.php(1434): CHtml::activeInputField('text', Object(ContactForm), 'ID', Array)
#3 C:\wamp\www\yii\framework\web\widgets\CActiveForm.php(725): CHtml::activeTextField(Object(ContactForm), 'ID', Array)
#4 C:\wamp\www\prueba_1\protected\views\site\contact.php(42): CActiveForm->textField(Object(ContactForm), 'ID')
#5 C:\wamp\www\yii\framework\web\CBaseController.php(126): require('C:\wamp\www\pru...')
#6 C:\wamp\www\yii\framework\web\CBaseController.php(95): CBaseController->renderInternal('C:\wamp\www\pru...', Array, true)
#7 C:\wamp\www\yii\framework\web\CController.php(869): CBaseController->renderFile('C:\wamp\www\pru...', Array, true)
#8 C:\wamp\www\yii\framework\web\CController.php(782): CController->renderPartial('contact', Array, true)
#9 C:\wamp\www\prueba_1\protected\controllers\SiteController.php(72): CController->render('contact', Array)
#10 C:\wamp\www\yii\framework\web\actions\CInlineAction.php(49): SiteController->actionContact()
#11 C:\wamp\www\yii\framework\web\CController.php(308): CInlineAction->runWithParams(Array)
#12 C:\wamp\www\yii\framework\web\CController.php(286): CController->runAction(Object(CInlineAction))
#13 C:\wamp\www\yii\framework\web\CController.php(265): CController->runActionWithFilters(Object(CInlineAction), Array)
#14 C:\wamp\www\yii\framework\web\CWebApplication.php(282): CController->run('contact')
#15 C:\wamp\www\yii\framework\web\CWebApplication.php(141): CWebApplication->runController('site/contact')
#16 C:\wamp\www\yii\framework\base\CApplication.php(180): CWebApplication->processRequest()
#17 C:\wamp\www\prueba_1\index.php(13): CApplication->run()
#18 {main}
REQUEST_URI=/prueba_1/index.php?r=site/contact
HTTP_REFERER=http://localhost/prueba_1/
---
2014/04/14 15:54:58 [error] [exception.CException] exception 'CException' with message 'Property "ContactForm.ID" is not defined.' in C:\wamp\www\yii\framework\base\CComponent.php:130
Stack trace:
#0 C:\wamp\www\yii\framework\web\helpers\CHtml.php(2529): CComponent->__get('ID')
#1 C:\wamp\www\yii\framework\web\helpers\CHtml.php(2252): CHtml::resolveValue(Object(ContactForm), 'ID')
#2 C:\wamp\www\yii\framework\web\helpers\CHtml.php(1434): CHtml::activeInputField('text', Object(ContactForm), 'ID', Array)
#3 C:\wamp\www\yii\framework\web\widgets\CActiveForm.php(725): CHtml::activeTextField(Object(ContactForm), 'ID', Array)
#4 C:\wamp\www\prueba_1\protected\views\site\contact.php(42): CActiveForm->textField(Object(ContactForm), 'ID')
#5 C:\wamp\www\yii\framework\web\CBaseController.php(126): require('C:\wamp\www\pru...')
#6 C:\wamp\www\yii\framework\web\CBaseController.php(95): CBaseController->renderInternal('C:\wamp\www\pru...', Array, true)
#7 C:\wamp\www\yii\framework\web\CController.php(869): CBaseController->renderFile('C:\wamp\www\pru...', Array, true)
#8 C:\wamp\www\yii\framework\web\CController.php(782): CController->renderPartial('contact', Array, true)
#9 C:\wamp\www\prueba_1\protected\controllers\SiteController.php(72): CController->render('contact', Array)
#10 C:\wamp\www\yii\framework\web\actions\CInlineAction.php(49): SiteController->actionContact()
#11 C:\wamp\www\yii\framework\web\CController.php(308): CInlineAction->runWithParams(Array)
#12 C:\wamp\www\yii\framework\web\CController.php(286): CController->runAction(Object(CInlineAction))
#13 C:\wamp\www\yii\framework\web\CController.php(265): CController->runActionWithFilters(Object(CInlineAction), Array)
#14 C:\wamp\www\yii\framework\web\CWebApplication.php(282): CController->run('contact')
#15 C:\wamp\www\yii\framework\web\CWebApplication.php(141): CWebApplication->runController('site/contact')
#16 C:\wamp\www\yii\framework\base\CApplication.php(180): CWebApplication->processRequest()
#17 C:\wamp\www\prueba_1\index.php(13): CApplication->run()
#18 {main}
REQUEST_URI=/prueba_1/index.php?r=site/contact
HTTP_REFERER=http://localhost/prueba_1/
---
2014/04/14 15:55:22 [error] [exception.CException] exception 'CException' with message 'Property "ContactForm.ID" is not defined.' in C:\wamp\www\yii\framework\base\CComponent.php:130
Stack trace:
#0 C:\wamp\www\yii\framework\web\helpers\CHtml.php(2529): CComponent->__get('ID')
#1 C:\wamp\www\yii\framework\web\helpers\CHtml.php(2252): CHtml::resolveValue(Object(ContactForm), 'ID')
#2 C:\wamp\www\yii\framework\web\helpers\CHtml.php(1434): CHtml::activeInputField('text', Object(ContactForm), 'ID', Array)
#3 C:\wamp\www\yii\framework\web\widgets\CActiveForm.php(725): CHtml::activeTextField(Object(ContactForm), 'ID', Array)
#4 C:\wamp\www\prueba_1\protected\views\site\contact.php(42): CActiveForm->textField(Object(ContactForm), 'ID')
#5 C:\wamp\www\yii\framework\web\CBaseController.php(126): require('C:\wamp\www\pru...')
#6 C:\wamp\www\yii\framework\web\CBaseController.php(95): CBaseController->renderInternal('C:\wamp\www\pru...', Array, true)
#7 C:\wamp\www\yii\framework\web\CController.php(869): CBaseController->renderFile('C:\wamp\www\pru...', Array, true)
#8 C:\wamp\www\yii\framework\web\CController.php(782): CController->renderPartial('contact', Array, true)
#9 C:\wamp\www\prueba_1\protected\controllers\SiteController.php(72): CController->render('contact', Array)
#10 C:\wamp\www\yii\framework\web\actions\CInlineAction.php(49): SiteController->actionContact()
#11 C:\wamp\www\yii\framework\web\CController.php(308): CInlineAction->runWithParams(Array)
#12 C:\wamp\www\yii\framework\web\CController.php(286): CController->runAction(Object(CInlineAction))
#13 C:\wamp\www\yii\framework\web\CController.php(265): CController->runActionWithFilters(Object(CInlineAction), Array)
#14 C:\wamp\www\yii\framework\web\CWebApplication.php(282): CController->run('contact')
#15 C:\wamp\www\yii\framework\web\CWebApplication.php(141): CWebApplication->runController('site/contact')
#16 C:\wamp\www\yii\framework\base\CApplication.php(180): CWebApplication->processRequest()
#17 C:\wamp\www\prueba_1\index.php(13): CApplication->run()
#18 {main}
REQUEST_URI=/prueba_1/index.php?r=site/contact
HTTP_REFERER=http://localhost/prueba_1/
---
2014/04/14 15:55:24 [error] [exception.CException] exception 'CException' with message 'Property "ContactForm.ID" is not defined.' in C:\wamp\www\yii\framework\base\CComponent.php:130
Stack trace:
#0 C:\wamp\www\yii\framework\web\helpers\CHtml.php(2529): CComponent->__get('ID')
#1 C:\wamp\www\yii\framework\web\helpers\CHtml.php(2252): CHtml::resolveValue(Object(ContactForm), 'ID')
#2 C:\wamp\www\yii\framework\web\helpers\CHtml.php(1434): CHtml::activeInputField('text', Object(ContactForm), 'ID', Array)
#3 C:\wamp\www\yii\framework\web\widgets\CActiveForm.php(725): CHtml::activeTextField(Object(ContactForm), 'ID', Array)
#4 C:\wamp\www\prueba_1\protected\views\site\contact.php(42): CActiveForm->textField(Object(ContactForm), 'ID')
#5 C:\wamp\www\yii\framework\web\CBaseController.php(126): require('C:\wamp\www\pru...')
#6 C:\wamp\www\yii\framework\web\CBaseController.php(95): CBaseController->renderInternal('C:\wamp\www\pru...', Array, true)
#7 C:\wamp\www\yii\framework\web\CController.php(869): CBaseController->renderFile('C:\wamp\www\pru...', Array, true)
#8 C:\wamp\www\yii\framework\web\CController.php(782): CController->renderPartial('contact', Array, true)
#9 C:\wamp\www\prueba_1\protected\controllers\SiteController.php(72): CController->render('contact', Array)
#10 C:\wamp\www\yii\framework\web\actions\CInlineAction.php(49): SiteController->actionContact()
#11 C:\wamp\www\yii\framework\web\CController.php(308): CInlineAction->runWithParams(Array)
#12 C:\wamp\www\yii\framework\web\CController.php(286): CController->runAction(Object(CInlineAction))
#13 C:\wamp\www\yii\framework\web\CController.php(265): CController->runActionWithFilters(Object(CInlineAction), Array)
#14 C:\wamp\www\yii\framework\web\CWebApplication.php(282): CController->run('contact')
#15 C:\wamp\www\yii\framework\web\CWebApplication.php(141): CWebApplication->runController('site/contact')
#16 C:\wamp\www\yii\framework\base\CApplication.php(180): CWebApplication->processRequest()
#17 C:\wamp\www\prueba_1\index.php(13): CApplication->run()
#18 {main}
REQUEST_URI=/prueba_1/index.php?r=site/contact
HTTP_REFERER=http://localhost/prueba_1/
---
2014/04/14 15:55:26 [error] [exception.CException] exception 'CException' with message 'Property "ContactForm.ID" is not defined.' in C:\wamp\www\yii\framework\base\CComponent.php:130
Stack trace:
#0 C:\wamp\www\yii\framework\web\helpers\CHtml.php(2529): CComponent->__get('ID')
#1 C:\wamp\www\yii\framework\web\helpers\CHtml.php(2252): CHtml::resolveValue(Object(ContactForm), 'ID')
#2 C:\wamp\www\yii\framework\web\helpers\CHtml.php(1434): CHtml::activeInputField('text', Object(ContactForm), 'ID', Array)
#3 C:\wamp\www\yii\framework\web\widgets\CActiveForm.php(725): CHtml::activeTextField(Object(ContactForm), 'ID', Array)
#4 C:\wamp\www\prueba_1\protected\views\site\contact.php(42): CActiveForm->textField(Object(ContactForm), 'ID')
#5 C:\wamp\www\yii\framework\web\CBaseController.php(126): require('C:\wamp\www\pru...')
#6 C:\wamp\www\yii\framework\web\CBaseController.php(95): CBaseController->renderInternal('C:\wamp\www\pru...', Array, true)
#7 C:\wamp\www\yii\framework\web\CController.php(869): CBaseController->renderFile('C:\wamp\www\pru...', Array, true)
#8 C:\wamp\www\yii\framework\web\CController.php(782): CController->renderPartial('contact', Array, true)
#9 C:\wamp\www\prueba_1\protected\controllers\SiteController.php(72): CController->render('contact', Array)
#10 C:\wamp\www\yii\framework\web\actions\CInlineAction.php(49): SiteController->actionContact()
#11 C:\wamp\www\yii\framework\web\CController.php(308): CInlineAction->runWithParams(Array)
#12 C:\wamp\www\yii\framework\web\CController.php(286): CController->runAction(Object(CInlineAction))
#13 C:\wamp\www\yii\framework\web\CController.php(265): CController->runActionWithFilters(Object(CInlineAction), Array)
#14 C:\wamp\www\yii\framework\web\CWebApplication.php(282): CController->run('contact')
#15 C:\wamp\www\yii\framework\web\CWebApplication.php(141): CWebApplication->runController('site/contact')
#16 C:\wamp\www\yii\framework\base\CApplication.php(180): CWebApplication->processRequest()
#17 C:\wamp\www\prueba_1\index.php(13): CApplication->run()
#18 {main}
REQUEST_URI=/prueba_1/index.php?r=site/contact
---
2014/04/14 15:57:45 [error] [exception.CException] exception 'CException' with message 'Property "ContactForm.ID" is not defined.' in C:\wamp\www\yii\framework\base\CComponent.php:130
Stack trace:
#0 C:\wamp\www\yii\framework\web\helpers\CHtml.php(2529): CComponent->__get('ID')
#1 C:\wamp\www\yii\framework\web\helpers\CHtml.php(2252): CHtml::resolveValue(Object(ContactForm), 'ID')
#2 C:\wamp\www\yii\framework\web\helpers\CHtml.php(1434): CHtml::activeInputField('text', Object(ContactForm), 'ID', Array)
#3 C:\wamp\www\yii\framework\web\widgets\CActiveForm.php(725): CHtml::activeTextField(Object(ContactForm), 'ID', Array)
#4 C:\wamp\www\prueba_1\protected\views\site\contact.php(42): CActiveForm->textField(Object(ContactForm), 'ID')
#5 C:\wamp\www\yii\framework\web\CBaseController.php(126): require('C:\wamp\www\pru...')
#6 C:\wamp\www\yii\framework\web\CBaseController.php(95): CBaseController->renderInternal('C:\wamp\www\pru...', Array, true)
#7 C:\wamp\www\yii\framework\web\CController.php(869): CBaseController->renderFile('C:\wamp\www\pru...', Array, true)
#8 C:\wamp\www\yii\framework\web\CController.php(782): CController->renderPartial('contact', Array, true)
#9 C:\wamp\www\prueba_1\protected\controllers\SiteController.php(72): CController->render('contact', Array)
#10 C:\wamp\www\yii\framework\web\actions\CInlineAction.php(49): SiteController->actionContact()
#11 C:\wamp\www\yii\framework\web\CController.php(308): CInlineAction->runWithParams(Array)
#12 C:\wamp\www\yii\framework\web\CController.php(286): CController->runAction(Object(CInlineAction))
#13 C:\wamp\www\yii\framework\web\CController.php(265): CController->runActionWithFilters(Object(CInlineAction), Array)
#14 C:\wamp\www\yii\framework\web\CWebApplication.php(282): CController->run('contact')
#15 C:\wamp\www\yii\framework\web\CWebApplication.php(141): CWebApplication->runController('site/contact')
#16 C:\wamp\www\yii\framework\base\CApplication.php(180): CWebApplication->processRequest()
#17 C:\wamp\www\prueba_1\index.php(13): CApplication->run()
#18 {main}
REQUEST_URI=/prueba_1/index.php?r=site/contact
---
2014/04/14 15:57:47 [error] [exception.CException] exception 'CException' with message 'Property "ContactForm.ID" is not defined.' in C:\wamp\www\yii\framework\base\CComponent.php:130
Stack trace:
#0 C:\wamp\www\yii\framework\web\helpers\CHtml.php(2529): CComponent->__get('ID')
#1 C:\wamp\www\yii\framework\web\helpers\CHtml.php(2252): CHtml::resolveValue(Object(ContactForm), 'ID')
#2 C:\wamp\www\yii\framework\web\helpers\CHtml.php(1434): CHtml::activeInputField('text', Object(ContactForm), 'ID', Array)
#3 C:\wamp\www\yii\framework\web\widgets\CActiveForm.php(725): CHtml::activeTextField(Object(ContactForm), 'ID', Array)
#4 C:\wamp\www\prueba_1\protected\views\site\contact.php(42): CActiveForm->textField(Object(ContactForm), 'ID')
#5 C:\wamp\www\yii\framework\web\CBaseController.php(126): require('C:\wamp\www\pru...')
#6 C:\wamp\www\yii\framework\web\CBaseController.php(95): CBaseController->renderInternal('C:\wamp\www\pru...', Array, true)
#7 C:\wamp\www\yii\framework\web\CController.php(869): CBaseController->renderFile('C:\wamp\www\pru...', Array, true)
#8 C:\wamp\www\yii\framework\web\CController.php(782): CController->renderPartial('contact', Array, true)
#9 C:\wamp\www\prueba_1\protected\controllers\SiteController.php(72): CController->render('contact', Array)
#10 C:\wamp\www\yii\framework\web\actions\CInlineAction.php(49): SiteController->actionContact()
#11 C:\wamp\www\yii\framework\web\CController.php(308): CInlineAction->runWithParams(Array)
#12 C:\wamp\www\yii\framework\web\CController.php(286): CController->runAction(Object(CInlineAction))
#13 C:\wamp\www\yii\framework\web\CController.php(265): CController->runActionWithFilters(Object(CInlineAction), Array)
#14 C:\wamp\www\yii\framework\web\CWebApplication.php(282): CController->run('contact')
#15 C:\wamp\www\yii\framework\web\CWebApplication.php(141): CWebApplication->runController('site/contact')
#16 C:\wamp\www\yii\framework\base\CApplication.php(180): CWebApplication->processRequest()
#17 C:\wamp\www\prueba_1\index.php(13): CApplication->run()
#18 {main}
REQUEST_URI=/prueba_1/index.php?r=site/contact
---
2014/04/14 15:58:05 [error] [exception.CException] exception 'CException' with message 'Property "ContactForm.ID" is not defined.' in C:\wamp\www\yii\framework\base\CComponent.php:130
Stack trace:
#0 C:\wamp\www\yii\framework\web\helpers\CHtml.php(2529): CComponent->__get('ID')
#1 C:\wamp\www\yii\framework\web\helpers\CHtml.php(2252): CHtml::resolveValue(Object(ContactForm), 'ID')
#2 C:\wamp\www\yii\framework\web\helpers\CHtml.php(1434): CHtml::activeInputField('text', Object(ContactForm), 'ID', Array)
#3 C:\wamp\www\yii\framework\web\widgets\CActiveForm.php(725): CHtml::activeTextField(Object(ContactForm), 'ID', Array)
#4 C:\wamp\www\prueba_1\protected\views\site\contact.php(42): CActiveForm->textField(Object(ContactForm), 'ID')
#5 C:\wamp\www\yii\framework\web\CBaseController.php(126): require('C:\wamp\www\pru...')
#6 C:\wamp\www\yii\framework\web\CBaseController.php(95): CBaseController->renderInternal('C:\wamp\www\pru...', Array, true)
#7 C:\wamp\www\yii\framework\web\CController.php(869): CBaseController->renderFile('C:\wamp\www\pru...', Array, true)
#8 C:\wamp\www\yii\framework\web\CController.php(782): CController->renderPartial('contact', Array, true)
#9 C:\wamp\www\prueba_1\protected\controllers\SiteController.php(72): CController->render('contact', Array)
#10 C:\wamp\www\yii\framework\web\actions\CInlineAction.php(49): SiteController->actionContact()
#11 C:\wamp\www\yii\framework\web\CController.php(308): CInlineAction->runWithParams(Array)
#12 C:\wamp\www\yii\framework\web\CController.php(286): CController->runAction(Object(CInlineAction))
#13 C:\wamp\www\yii\framework\web\CController.php(265): CController->runActionWithFilters(Object(CInlineAction), Array)
#14 C:\wamp\www\yii\framework\web\CWebApplication.php(282): CController->run('contact')
#15 C:\wamp\www\yii\framework\web\CWebApplication.php(141): CWebApplication->runController('site/contact')
#16 C:\wamp\www\yii\framework\base\CApplication.php(180): CWebApplication->processRequest()
#17 C:\wamp\www\prueba_1\index.php(13): CApplication->run()
#18 {main}
REQUEST_URI=/prueba_1/index.php?r=site/contact
HTTP_REFERER=http://localhost/prueba_1/
---
2014/04/14 16:01:31 [error] [exception.CException] exception 'CException' with message 'Property "ContactForm.ID" is not defined.' in C:\wamp\www\yii\framework\base\CComponent.php:130
Stack trace:
#0 C:\wamp\www\yii\framework\web\helpers\CHtml.php(2529): CComponent->__get('ID')
#1 C:\wamp\www\yii\framework\web\helpers\CHtml.php(2252): CHtml::resolveValue(Object(ContactForm), 'ID')
#2 C:\wamp\www\yii\framework\web\helpers\CHtml.php(1434): CHtml::activeInputField('text', Object(ContactForm), 'ID', Array)
#3 C:\wamp\www\yii\framework\web\widgets\CActiveForm.php(725): CHtml::activeTextField(Object(ContactForm), 'ID', Array)
#4 C:\wamp\www\prueba_1\protected\views\site\contact.php(42): CActiveForm->textField(Object(ContactForm), 'ID')
#5 C:\wamp\www\yii\framework\web\CBaseController.php(126): require('C:\wamp\www\pru...')
#6 C:\wamp\www\yii\framework\web\CBaseController.php(95): CBaseController->renderInternal('C:\wamp\www\pru...', Array, true)
#7 C:\wamp\www\yii\framework\web\CController.php(869): CBaseController->renderFile('C:\wamp\www\pru...', Array, true)
#8 C:\wamp\www\yii\framework\web\CController.php(782): CController->renderPartial('contact', Array, true)
#9 C:\wamp\www\prueba_1\protected\controllers\SiteController.php(72): CController->render('contact', Array)
#10 C:\wamp\www\yii\framework\web\actions\CInlineAction.php(49): SiteController->actionContact()
#11 C:\wamp\www\yii\framework\web\CController.php(308): CInlineAction->runWithParams(Array)
#12 C:\wamp\www\yii\framework\web\CController.php(286): CController->runAction(Object(CInlineAction))
#13 C:\wamp\www\yii\framework\web\CController.php(265): CController->runActionWithFilters(Object(CInlineAction), Array)
#14 C:\wamp\www\yii\framework\web\CWebApplication.php(282): CController->run('contact')
#15 C:\wamp\www\yii\framework\web\CWebApplication.php(141): CWebApplication->runController('site/contact')
#16 C:\wamp\www\yii\framework\base\CApplication.php(180): CWebApplication->processRequest()
#17 C:\wamp\www\prueba_1\index.php(13): CApplication->run()
#18 {main}
REQUEST_URI=/prueba_1/index.php?r=site/contact
HTTP_REFERER=http://localhost/prueba_1/
---
2014/04/16 15:34:37 [error] [exception.CHttpException.404] exception 'CHttpException' with message 'The system is unable to find the requested action "index.php".' in C:\wamp\www\yii\framework\web\CController.php:483
Stack trace:
#0 C:\wamp\www\yii\framework\web\CController.php(270): CController->missingAction('index.php')
#1 C:\wamp\www\yii\framework\web\CWebApplication.php(282): CController->run('index.php')
#2 C:\wamp\www\yii\framework\web\CWebApplication.php(141): CWebApplication->runController('hola/index.php')
#3 C:\wamp\www\yii\framework\base\CApplication.php(180): CWebApplication->processRequest()
#4 C:\wamp\www\prueba_1\index.php(14): CApplication->run()
#5 {main}
REQUEST_URI=/prueba_1/hola/index.php
---
2014/04/17 02:11:08 [error] [exception.CException] exception 'CException' with message 'Users and its behaviors do not have a method or closure named "search".' in C:\wamp\www\yii\framework\base\CComponent.php:266
Stack trace:
#0 C:\wamp\www\yii\framework\db\ar\CActiveRecord.php(227): CComponent->__call('search', Array)
#1 C:\wamp\www\prueba_1\protected\views\users\admin.php(45): CActiveRecord->__call('search', Array)
#2 C:\wamp\www\prueba_1\protected\views\users\admin.php(45): Users->search()
#3 C:\wamp\www\yii\framework\web\CBaseController.php(126): require('C:\wamp\www\pru...')
#4 C:\wamp\www\yii\framework\web\CBaseController.php(95): CBaseController->renderInternal('C:\wamp\www\pru...', Array, true)
#5 C:\wamp\www\yii\framework\web\CController.php(869): CBaseController->renderFile('C:\wamp\www\pru...', Array, true)
#6 C:\wamp\www\yii\framework\web\CController.php(782): CController->renderPartial('admin', Array, true)
#7 C:\wamp\www\prueba_1\protected\controllers\UsersController.php(143): CController->render('admin', Array)
#8 C:\wamp\www\yii\framework\web\actions\CInlineAction.php(49): UsersController->actionAdmin()
#9 C:\wamp\www\yii\framework\web\CController.php(308): CInlineAction->runWithParams(Array)
#10 C:\wamp\www\yii\framework\web\filters\CFilterChain.php(133): CController->runAction(Object(CInlineAction))
#11 C:\wamp\www\yii\framework\web\filters\CFilter.php(40): CFilterChain->run()
#12 C:\wamp\www\yii\framework\web\CController.php(1145): CFilter->filter(Object(CFilterChain))
#13 C:\wamp\www\yii\framework\web\filters\CInlineFilter.php(58): CController->filterAccessControl(Object(CFilterChain))
#14 C:\wamp\www\yii\framework\web\filters\CFilterChain.php(130): CInlineFilter->filter(Object(CFilterChain))
#15 C:\wamp\www\yii\framework\web\CController.php(291): CFilterChain->run()
#16 C:\wamp\www\yii\framework\web\CController.php(265): CController->runActionWithFilters(Object(CInlineAction), Array)
#17 C:\wamp\www\yii\framework\web\CWebApplication.php(282): CController->run('admin')
#18 C:\wamp\www\yii\framework\web\CWebApplication.php(141): CWebApplication->runController('users/admin')
#19 C:\wamp\www\yii\framework\base\CApplication.php(180): CWebApplication->processRequest()
#20 C:\wamp\www\prueba_1\index.php(14): CApplication->run()
#21 {main}
REQUEST_URI=/prueba_1/users/admin
HTTP_REFERER=http://localhost/prueba_1/users
---
2014/04/17 02:11:22 [error] [exception.CException] exception 'CException' with message 'Users and its behaviors do not have a method or closure named "search".' in C:\wamp\www\yii\framework\base\CComponent.php:266
Stack trace:
#0 C:\wamp\www\yii\framework\db\ar\CActiveRecord.php(227): CComponent->__call('search', Array)
#1 C:\wamp\www\prueba_1\protected\views\users\admin.php(45): CActiveRecord->__call('search', Array)
#2 C:\wamp\www\prueba_1\protected\views\users\admin.php(45): Users->search()
#3 C:\wamp\www\yii\framework\web\CBaseController.php(126): require('C:\wamp\www\pru...')
#4 C:\wamp\www\yii\framework\web\CBaseController.php(95): CBaseController->renderInternal('C:\wamp\www\pru...', Array, true)
#5 C:\wamp\www\yii\framework\web\CController.php(869): CBaseController->renderFile('C:\wamp\www\pru...', Array, true)
#6 C:\wamp\www\yii\framework\web\CController.php(782): CController->renderPartial('admin', Array, true)
#7 C:\wamp\www\prueba_1\protected\controllers\UsersController.php(143): CController->render('admin', Array)
#8 C:\wamp\www\yii\framework\web\actions\CInlineAction.php(49): UsersController->actionAdmin()
#9 C:\wamp\www\yii\framework\web\CController.php(308): CInlineAction->runWithParams(Array)
#10 C:\wamp\www\yii\framework\web\filters\CFilterChain.php(133): CController->runAction(Object(CInlineAction))
#11 C:\wamp\www\yii\framework\web\filters\CFilter.php(40): CFilterChain->run()
#12 C:\wamp\www\yii\framework\web\CController.php(1145): CFilter->filter(Object(CFilterChain))
#13 C:\wamp\www\yii\framework\web\filters\CInlineFilter.php(58): CController->filterAccessControl(Object(CFilterChain))
#14 C:\wamp\www\yii\framework\web\filters\CFilterChain.php(130): CInlineFilter->filter(Object(CFilterChain))
#15 C:\wamp\www\yii\framework\web\CController.php(291): CFilterChain->run()
#16 C:\wamp\www\yii\framework\web\CController.php(265): CController->runActionWithFilters(Object(CInlineAction), Array)
#17 C:\wamp\www\yii\framework\web\CWebApplication.php(282): CController->run('admin')
#18 C:\wamp\www\yii\framework\web\CWebApplication.php(141): CWebApplication->runController('users/admin')
#19 C:\wamp\www\yii\framework\base\CApplication.php(180): CWebApplication->processRequest()
#20 C:\wamp\www\prueba_1\index.php(14): CApplication->run()
#21 {main}
REQUEST_URI=/prueba_1/users/admin
HTTP_REFERER=http://localhost/prueba_1/users/create
---
2014/04/17 02:11:57 [error] [exception.CException] exception 'CException' with message 'Users and its behaviors do not have a method or closure named "search".' in C:\wamp\www\yii\framework\base\CComponent.php:266
Stack trace:
#0 C:\wamp\www\yii\framework\db\ar\CActiveRecord.php(227): CComponent->__call('search', Array)
#1 C:\wamp\www\prueba_1\protected\views\users\admin.php(45): CActiveRecord->__call('search', Array)
#2 C:\wamp\www\prueba_1\protected\views\users\admin.php(45): Users->search()
#3 C:\wamp\www\yii\framework\web\CBaseController.php(126): require('C:\wamp\www\pru...')
#4 C:\wamp\www\yii\framework\web\CBaseController.php(95): CBaseController->renderInternal('C:\wamp\www\pru...', Array, true)
#5 C:\wamp\www\yii\framework\web\CController.php(869): CBaseController->renderFile('C:\wamp\www\pru...', Array, true)
#6 C:\wamp\www\yii\framework\web\CController.php(782): CController->renderPartial('admin', Array, true)
#7 C:\wamp\www\prueba_1\protected\controllers\UsersController.php(143): CController->render('admin', Array)
#8 C:\wamp\www\yii\framework\web\actions\CInlineAction.php(49): UsersController->actionAdmin()
#9 C:\wamp\www\yii\framework\web\CController.php(308): CInlineAction->runWithParams(Array)
#10 C:\wamp\www\yii\framework\web\filters\CFilterChain.php(133): CController->runAction(Object(CInlineAction))
#11 C:\wamp\www\yii\framework\web\filters\CFilter.php(40): CFilterChain->run()
#12 C:\wamp\www\yii\framework\web\CController.php(1145): CFilter->filter(Object(CFilterChain))
#13 C:\wamp\www\yii\framework\web\filters\CInlineFilter.php(58): CController->filterAccessControl(Object(CFilterChain))
#14 C:\wamp\www\yii\framework\web\filters\CFilterChain.php(130): CInlineFilter->filter(Object(CFilterChain))
#15 C:\wamp\www\yii\framework\web\CController.php(291): CFilterChain->run()
#16 C:\wamp\www\yii\framework\web\CController.php(265): CController->runActionWithFilters(Object(CInlineAction), Array)
#17 C:\wamp\www\yii\framework\web\CWebApplication.php(282): CController->run('admin')
#18 C:\wamp\www\yii\framework\web\CWebApplication.php(141): CWebApplication->runController('users/admin')
#19 C:\wamp\www\yii\framework\base\CApplication.php(180): CWebApplication->processRequest()
#20 C:\wamp\www\prueba_1\index.php(14): CApplication->run()
#21 {main}
REQUEST_URI=/prueba_1/users/admin
HTTP_REFERER=http://localhost/prueba_1/users
---
2014/04/17 02:21:46 [error] [exception.CException] exception 'CException' with message 'Users and its behaviors do not have a method or closure named "search".' in C:\wamp\www\yii\framework\base\CComponent.php:266
Stack trace:
#0 C:\wamp\www\yii\framework\db\ar\CActiveRecord.php(227): CComponent->__call('search', Array)
#1 C:\wamp\www\prueba_1\protected\views\users\admin.php(45): CActiveRecord->__call('search', Array)
#2 C:\wamp\www\prueba_1\protected\views\users\admin.php(45): Users->search()
#3 C:\wamp\www\yii\framework\web\CBaseController.php(126): require('C:\wamp\www\pru...')
#4 C:\wamp\www\yii\framework\web\CBaseController.php(95): CBaseController->renderInternal('C:\wamp\www\pru...', Array, true)
#5 C:\wamp\www\yii\framework\web\CController.php(869): CBaseController->renderFile('C:\wamp\www\pru...', Array, true)
#6 C:\wamp\www\yii\framework\web\CController.php(782): CController->renderPartial('admin', Array, true)
#7 C:\wamp\www\prueba_1\protected\controllers\UsersController.php(143): CController->render('admin', Array)
#8 C:\wamp\www\yii\framework\web\actions\CInlineAction.php(49): UsersController->actionAdmin()
#9 C:\wamp\www\yii\framework\web\CController.php(308): CInlineAction->runWithParams(Array)
#10 C:\wamp\www\yii\framework\web\filters\CFilterChain.php(133): CController->runAction(Object(CInlineAction))
#11 C:\wamp\www\yii\framework\web\filters\CFilter.php(40): CFilterChain->run()
#12 C:\wamp\www\yii\framework\web\CController.php(1145): CFilter->filter(Object(CFilterChain))
#13 C:\wamp\www\yii\framework\web\filters\CInlineFilter.php(58): CController->filterAccessControl(Object(CFilterChain))
#14 C:\wamp\www\yii\framework\web\filters\CFilterChain.php(130): CInlineFilter->filter(Object(CFilterChain))
#15 C:\wamp\www\yii\framework\web\CController.php(291): CFilterChain->run()
#16 C:\wamp\www\yii\framework\web\CController.php(265): CController->runActionWithFilters(Object(CInlineAction), Array)
#17 C:\wamp\www\yii\framework\web\CWebApplication.php(282): CController->run('admin')
#18 C:\wamp\www\yii\framework\web\CWebApplication.php(141): CWebApplication->runController('users/admin')
#19 C:\wamp\www\yii\framework\base\CApplication.php(180): CWebApplication->processRequest()
#20 C:\wamp\www\prueba_1\index.php(14): CApplication->run()
#21 {main}
REQUEST_URI=/prueba_1/users/admin
HTTP_REFERER=http://localhost/prueba_1/users
---
2014/04/17 02:21:49 [error] [exception.CException] exception 'CException' with message 'Users and its behaviors do not have a method or closure named "search".' in C:\wamp\www\yii\framework\base\CComponent.php:266
Stack trace:
#0 C:\wamp\www\yii\framework\db\ar\CActiveRecord.php(227): CComponent->__call('search', Array)
#1 C:\wamp\www\prueba_1\protected\views\users\admin.php(45): CActiveRecord->__call('search', Array)
#2 C:\wamp\www\prueba_1\protected\views\users\admin.php(45): Users->search()
#3 C:\wamp\www\yii\framework\web\CBaseController.php(126): require('C:\wamp\www\pru...')
#4 C:\wamp\www\yii\framework\web\CBaseController.php(95): CBaseController->renderInternal('C:\wamp\www\pru...', Array, true)
#5 C:\wamp\www\yii\framework\web\CController.php(869): CBaseController->renderFile('C:\wamp\www\pru...', Array, true)
#6 C:\wamp\www\yii\framework\web\CController.php(782): CController->renderPartial('admin', Array, true)
#7 C:\wamp\www\prueba_1\protected\controllers\UsersController.php(143): CController->render('admin', Array)
#8 C:\wamp\www\yii\framework\web\actions\CInlineAction.php(49): UsersController->actionAdmin()
#9 C:\wamp\www\yii\framework\web\CController.php(308): CInlineAction->runWithParams(Array)
#10 C:\wamp\www\yii\framework\web\filters\CFilterChain.php(133): CController->runAction(Object(CInlineAction))
#11 C:\wamp\www\yii\framework\web\filters\CFilter.php(40): CFilterChain->run()
#12 C:\wamp\www\yii\framework\web\CController.php(1145): CFilter->filter(Object(CFilterChain))
#13 C:\wamp\www\yii\framework\web\filters\CInlineFilter.php(58): CController->filterAccessControl(Object(CFilterChain))
#14 C:\wamp\www\yii\framework\web\filters\CFilterChain.php(130): CInlineFilter->filter(Object(CFilterChain))
#15 C:\wamp\www\yii\framework\web\CController.php(291): CFilterChain->run()
#16 C:\wamp\www\yii\framework\web\CController.php(265): CController->runActionWithFilters(Object(CInlineAction), Array)
#17 C:\wamp\www\yii\framework\web\CWebApplication.php(282): CController->run('admin')
#18 C:\wamp\www\yii\framework\web\CWebApplication.php(141): CWebApplication->runController('users/admin')
#19 C:\wamp\www\yii\framework\base\CApplication.php(180): CWebApplication->processRequest()
#20 C:\wamp\www\prueba_1\index.php(14): CApplication->run()
#21 {main}
REQUEST_URI=/prueba_1/users/admin
HTTP_REFERER=http://localhost/prueba_1/users
---
2014/04/17 02:21:50 [error] [exception.CException] exception 'CException' with message 'Users and its behaviors do not have a method or closure named "search".' in C:\wamp\www\yii\framework\base\CComponent.php:266
Stack trace:
#0 C:\wamp\www\yii\framework\db\ar\CActiveRecord.php(227): CComponent->__call('search', Array)
#1 C:\wamp\www\prueba_1\protected\views\users\admin.php(45): CActiveRecord->__call('search', Array)
#2 C:\wamp\www\prueba_1\protected\views\users\admin.php(45): Users->search()
#3 C:\wamp\www\yii\framework\web\CBaseController.php(126): require('C:\wamp\www\pru...')
#4 C:\wamp\www\yii\framework\web\CBaseController.php(95): CBaseController->renderInternal('C:\wamp\www\pru...', Array, true)
#5 C:\wamp\www\yii\framework\web\CController.php(869): CBaseController->renderFile('C:\wamp\www\pru...', Array, true)
#6 C:\wamp\www\yii\framework\web\CController.php(782): CController->renderPartial('admin', Array, true)
#7 C:\wamp\www\prueba_1\protected\controllers\UsersController.php(143): CController->render('admin', Array)
#8 C:\wamp\www\yii\framework\web\actions\CInlineAction.php(49): UsersController->actionAdmin()
#9 C:\wamp\www\yii\framework\web\CController.php(308): CInlineAction->runWithParams(Array)
#10 C:\wamp\www\yii\framework\web\filters\CFilterChain.php(133): CController->runAction(Object(CInlineAction))
#11 C:\wamp\www\yii\framework\web\filters\CFilter.php(40): CFilterChain->run()
#12 C:\wamp\www\yii\framework\web\CController.php(1145): CFilter->filter(Object(CFilterChain))
#13 C:\wamp\www\yii\framework\web\filters\CInlineFilter.php(58): CController->filterAccessControl(Object(CFilterChain))
#14 C:\wamp\www\yii\framework\web\filters\CFilterChain.php(130): CInlineFilter->filter(Object(CFilterChain))
#15 C:\wamp\www\yii\framework\web\CController.php(291): CFilterChain->run()
#16 C:\wamp\www\yii\framework\web\CController.php(265): CController->runActionWithFilters(Object(CInlineAction), Array)
#17 C:\wamp\www\yii\framework\web\CWebApplication.php(282): CController->run('admin')
#18 C:\wamp\www\yii\framework\web\CWebApplication.php(141): CWebApplication->runController('users/admin')
#19 C:\wamp\www\yii\framework\base\CApplication.php(180): CWebApplication->processRequest()
#20 C:\wamp\www\prueba_1\index.php(14): CApplication->run()
#21 {main}
REQUEST_URI=/prueba_1/users/admin
HTTP_REFERER=http://localhost/prueba_1/users
---
2014/04/17 02:21:56 [error] [exception.CException] exception 'CException' with message 'Users and its behaviors do not have a method or closure named "search".' in C:\wamp\www\yii\framework\base\CComponent.php:266
Stack trace:
#0 C:\wamp\www\yii\framework\db\ar\CActiveRecord.php(227): CComponent->__call('search', Array)
#1 C:\wamp\www\prueba_1\protected\views\users\admin.php(45): CActiveRecord->__call('search', Array)
#2 C:\wamp\www\prueba_1\protected\views\users\admin.php(45): Users->search()
#3 C:\wamp\www\yii\framework\web\CBaseController.php(126): require('C:\wamp\www\pru...')
#4 C:\wamp\www\yii\framework\web\CBaseController.php(95): CBaseController->renderInternal('C:\wamp\www\pru...', Array, true)
#5 C:\wamp\www\yii\framework\web\CController.php(869): CBaseController->renderFile('C:\wamp\www\pru...', Array, true)
#6 C:\wamp\www\yii\framework\web\CController.php(782): CController->renderPartial('admin', Array, true)
#7 C:\wamp\www\prueba_1\protected\controllers\UsersController.php(143): CController->render('admin', Array)
#8 C:\wamp\www\yii\framework\web\actions\CInlineAction.php(49): UsersController->actionAdmin()
#9 C:\wamp\www\yii\framework\web\CController.php(308): CInlineAction->runWithParams(Array)
#10 C:\wamp\www\yii\framework\web\filters\CFilterChain.php(133): CController->runAction(Object(CInlineAction))
#11 C:\wamp\www\yii\framework\web\filters\CFilter.php(40): CFilterChain->run()
#12 C:\wamp\www\yii\framework\web\CController.php(1145): CFilter->filter(Object(CFilterChain))
#13 C:\wamp\www\yii\framework\web\filters\CInlineFilter.php(58): CController->filterAccessControl(Object(CFilterChain))
#14 C:\wamp\www\yii\framework\web\filters\CFilterChain.php(130): CInlineFilter->filter(Object(CFilterChain))
#15 C:\wamp\www\yii\framework\web\CController.php(291): CFilterChain->run()
#16 C:\wamp\www\yii\framework\web\CController.php(265): CController->runActionWithFilters(Object(CInlineAction), Array)
#17 C:\wamp\www\yii\framework\web\CWebApplication.php(282): CController->run('admin')
#18 C:\wamp\www\yii\framework\web\CWebApplication.php(141): CWebApplication->runController('users/admin')
#19 C:\wamp\www\yii\framework\base\CApplication.php(180): CWebApplication->processRequest()
#20 C:\wamp\www\prueba_1\index.php(14): CApplication->run()
#21 {main}
REQUEST_URI=/prueba_1/users/admin
HTTP_REFERER=http://localhost/prueba_1/users
---
2014/04/17 02:22:34 [error] [exception.CException] exception 'CException' with message 'Users and its behaviors do not have a method or closure named "search".' in C:\wamp\www\yii\framework\base\CComponent.php:266
Stack trace:
#0 C:\wamp\www\yii\framework\db\ar\CActiveRecord.php(227): CComponent->__call('search', Array)
#1 C:\wamp\www\prueba_1\protected\views\users\admin.php(45): CActiveRecord->__call('search', Array)
#2 C:\wamp\www\prueba_1\protected\views\users\admin.php(45): Users->search()
#3 C:\wamp\www\yii\framework\web\CBaseController.php(126): require('C:\wamp\www\pru...')
#4 C:\wamp\www\yii\framework\web\CBaseController.php(95): CBaseController->renderInternal('C:\wamp\www\pru...', Array, true)
#5 C:\wamp\www\yii\framework\web\CController.php(869): CBaseController->renderFile('C:\wamp\www\pru...', Array, true)
#6 C:\wamp\www\yii\framework\web\CController.php(782): CController->renderPartial('admin', Array, true)
#7 C:\wamp\www\prueba_1\protected\controllers\UsersController.php(143): CController->render('admin', Array)
#8 C:\wamp\www\yii\framework\web\actions\CInlineAction.php(49): UsersController->actionAdmin()
#9 C:\wamp\www\yii\framework\web\CController.php(308): CInlineAction->runWithParams(Array)
#10 C:\wamp\www\yii\framework\web\filters\CFilterChain.php(133): CController->runAction(Object(CInlineAction))
#11 C:\wamp\www\yii\framework\web\filters\CFilter.php(40): CFilterChain->run()
#12 C:\wamp\www\yii\framework\web\CController.php(1145): CFilter->filter(Object(CFilterChain))
#13 C:\wamp\www\yii\framework\web\filters\CInlineFilter.php(58): CController->filterAccessControl(Object(CFilterChain))
#14 C:\wamp\www\yii\framework\web\filters\CFilterChain.php(130): CInlineFilter->filter(Object(CFilterChain))
#15 C:\wamp\www\yii\framework\web\CController.php(291): CFilterChain->run()
#16 C:\wamp\www\yii\framework\web\CController.php(265): CController->runActionWithFilters(Object(CInlineAction), Array)
#17 C:\wamp\www\yii\framework\web\CWebApplication.php(282): CController->run('admin')
#18 C:\wamp\www\yii\framework\web\CWebApplication.php(141): CWebApplication->runController('users/admin')
#19 C:\wamp\www\yii\framework\base\CApplication.php(180): CWebApplication->processRequest()
#20 C:\wamp\www\prueba_1\index.php(14): CApplication->run()
#21 {main}
REQUEST_URI=/prueba_1/users/admin
HTTP_REFERER=http://localhost/prueba_1/users
---
2014/04/17 02:24:06 [error] [exception.CException] exception 'CException' with message 'Users and its behaviors do not have a method or closure named "search".' in C:\wamp\www\yii\framework\base\CComponent.php:266
Stack trace:
#0 C:\wamp\www\yii\framework\db\ar\CActiveRecord.php(227): CComponent->__call('search', Array)
#1 C:\wamp\www\prueba_1\protected\views\users\admin.php(45): CActiveRecord->__call('search', Array)
#2 C:\wamp\www\prueba_1\protected\views\users\admin.php(45): Users->search()
#3 C:\wamp\www\yii\framework\web\CBaseController.php(126): require('C:\wamp\www\pru...')
#4 C:\wamp\www\yii\framework\web\CBaseController.php(95): CBaseController->renderInternal('C:\wamp\www\pru...', Array, true)
#5 C:\wamp\www\yii\framework\web\CController.php(869): CBaseController->renderFile('C:\wamp\www\pru...', Array, true)
#6 C:\wamp\www\yii\framework\web\CController.php(782): CController->renderPartial('admin', Array, true)
#7 C:\wamp\www\prueba_1\protected\controllers\UsersController.php(143): CController->render('admin', Array)
#8 C:\wamp\www\yii\framework\web\actions\CInlineAction.php(49): UsersController->actionAdmin()
#9 C:\wamp\www\yii\framework\web\CController.php(308): CInlineAction->runWithParams(Array)
#10 C:\wamp\www\yii\framework\web\filters\CFilterChain.php(133): CController->runAction(Object(CInlineAction))
#11 C:\wamp\www\yii\framework\web\filters\CFilter.php(40): CFilterChain->run()
#12 C:\wamp\www\yii\framework\web\CController.php(1145): CFilter->filter(Object(CFilterChain))
#13 C:\wamp\www\yii\framework\web\filters\CInlineFilter.php(58): CController->filterAccessControl(Object(CFilterChain))
#14 C:\wamp\www\yii\framework\web\filters\CFilterChain.php(130): CInlineFilter->filter(Object(CFilterChain))
#15 C:\wamp\www\yii\framework\web\CController.php(291): CFilterChain->run()
#16 C:\wamp\www\yii\framework\web\CController.php(265): CController->runActionWithFilters(Object(CInlineAction), Array)
#17 C:\wamp\www\yii\framework\web\CWebApplication.php(282): CController->run('admin')
#18 C:\wamp\www\yii\framework\web\CWebApplication.php(141): CWebApplication->runController('users/admin')
#19 C:\wamp\www\yii\framework\base\CApplication.php(180): CWebApplication->processRequest()
#20 C:\wamp\www\prueba_1\index.php(14): CApplication->run()
#21 {main}
REQUEST_URI=/prueba_1/users/admin
HTTP_REFERER=http://localhost/prueba_1/users
---
2014/04/17 02:24:10 [error] [exception.CException] exception 'CException' with message 'Users and its behaviors do not have a method or closure named "search".' in C:\wamp\www\yii\framework\base\CComponent.php:266
Stack trace:
#0 C:\wamp\www\yii\framework\db\ar\CActiveRecord.php(227): CComponent->__call('search', Array)
#1 C:\wamp\www\prueba_1\protected\views\users\admin.php(45): CActiveRecord->__call('search', Array)
#2 C:\wamp\www\prueba_1\protected\views\users\admin.php(45): Users->search()
#3 C:\wamp\www\yii\framework\web\CBaseController.php(126): require('C:\wamp\www\pru...')
#4 C:\wamp\www\yii\framework\web\CBaseController.php(95): CBaseController->renderInternal('C:\wamp\www\pru...', Array, true)
#5 C:\wamp\www\yii\framework\web\CController.php(869): CBaseController->renderFile('C:\wamp\www\pru...', Array, true)
#6 C:\wamp\www\yii\framework\web\CController.php(782): CController->renderPartial('admin', Array, true)
#7 C:\wamp\www\prueba_1\protected\controllers\UsersController.php(143): CController->render('admin', Array)
#8 C:\wamp\www\yii\framework\web\actions\CInlineAction.php(49): UsersController->actionAdmin()
#9 C:\wamp\www\yii\framework\web\CController.php(308): CInlineAction->runWithParams(Array)
#10 C:\wamp\www\yii\framework\web\filters\CFilterChain.php(133): CController->runAction(Object(CInlineAction))
#11 C:\wamp\www\yii\framework\web\filters\CFilter.php(40): CFilterChain->run()
#12 C:\wamp\www\yii\framework\web\CController.php(1145): CFilter->filter(Object(CFilterChain))
#13 C:\wamp\www\yii\framework\web\filters\CInlineFilter.php(58): CController->filterAccessControl(Object(CFilterChain))
#14 C:\wamp\www\yii\framework\web\filters\CFilterChain.php(130): CInlineFilter->filter(Object(CFilterChain))
#15 C:\wamp\www\yii\framework\web\CController.php(291): CFilterChain->run()
#16 C:\wamp\www\yii\framework\web\CController.php(265): CController->runActionWithFilters(Object(CInlineAction), Array)
#17 C:\wamp\www\yii\framework\web\CWebApplication.php(282): CController->run('admin')
#18 C:\wamp\www\yii\framework\web\CWebApplication.php(141): CWebApplication->runController('users/admin')
#19 C:\wamp\www\yii\framework\base\CApplication.php(180): CWebApplication->processRequest()
#20 C:\wamp\www\prueba_1\index.php(14): CApplication->run()
#21 {main}
REQUEST_URI=/prueba_1/users/admin
HTTP_REFERER=http://localhost/prueba_1/users
---
2014/04/17 02:26:17 [error] [exception.CException] exception 'CException' with message 'Users and its behaviors do not have a method or closure named "search".' in C:\wamp\www\yii\framework\base\CComponent.php:266
Stack trace:
#0 C:\wamp\www\yii\framework\db\ar\CActiveRecord.php(227): CComponent->__call('search', Array)
#1 C:\wamp\www\prueba_1\protected\views\users\admin.php(45): CActiveRecord->__call('search', Array)
#2 C:\wamp\www\prueba_1\protected\views\users\admin.php(45): Users->search()
#3 C:\wamp\www\yii\framework\web\CBaseController.php(126): require('C:\wamp\www\pru...')
#4 C:\wamp\www\yii\framework\web\CBaseController.php(95): CBaseController->renderInternal('C:\wamp\www\pru...', Array, true)
#5 C:\wamp\www\yii\framework\web\CController.php(869): CBaseController->renderFile('C:\wamp\www\pru...', Array, true)
#6 C:\wamp\www\yii\framework\web\CController.php(782): CController->renderPartial('admin', Array, true)
#7 C:\wamp\www\prueba_1\protected\controllers\UsersController.php(143): CController->render('admin', Array)
#8 C:\wamp\www\yii\framework\web\actions\CInlineAction.php(49): UsersController->actionAdmin()
#9 C:\wamp\www\yii\framework\web\CController.php(308): CInlineAction->runWithParams(Array)
#10 C:\wamp\www\yii\framework\web\filters\CFilterChain.php(133): CController->runAction(Object(CInlineAction))
#11 C:\wamp\www\yii\framework\web\filters\CFilter.php(40): CFilterChain->run()
#12 C:\wamp\www\yii\framework\web\CController.php(1145): CFilter->filter(Object(CFilterChain))
#13 C:\wamp\www\yii\framework\web\filters\CInlineFilter.php(58): CController->filterAccessControl(Object(CFilterChain))
#14 C:\wamp\www\yii\framework\web\filters\CFilterChain.php(130): CInlineFilter->filter(Object(CFilterChain))
#15 C:\wamp\www\yii\framework\web\CController.php(291): CFilterChain->run()
#16 C:\wamp\www\yii\framework\web\CController.php(265): CController->runActionWithFilters(Object(CInlineAction), Array)
#17 C:\wamp\www\yii\framework\web\CWebApplication.php(282): CController->run('admin')
#18 C:\wamp\www\yii\framework\web\CWebApplication.php(141): CWebApplication->runController('users/admin')
#19 C:\wamp\www\yii\framework\base\CApplication.php(180): CWebApplication->processRequest()
#20 C:\wamp\www\prueba_1\index.php(14): CApplication->run()
#21 {main}
REQUEST_URI=/prueba_1/users/admin
HTTP_REFERER=http://localhost/prueba_1/users
---
2014/04/17 03:50:09 [error] [system.db.CDbCommand] CDbCommand::execute() failed: SQLSTATE[23505]: Unique violation: 7 ERROR:  llave duplicada viola restriccin de unicidad pk_countries
DETAIL:  Ya existe la llave (id)=(1).. The SQL statement executed was: INSERT INTO "countries" ("id", "nombre", "estado") VALUES (:yp0, :yp1, :yp2).
in C:\wamp\www\prueba_1\protected\controllers\CountriesController.php (12)
in C:\wamp\www\prueba_1\index.php (14)
2014/04/17 03:50:09 [error] [exception.CDbException] exception 'CDbException' with message 'CDbCommand failed to execute the SQL statement: SQLSTATE[23505]: Unique violation: 7 ERROR:  llave duplicada viola restriccin de unicidad pk_countries
DETAIL:  Ya existe la llave (id)=(1).. The SQL statement executed was: INSERT INTO "countries" ("id", "nombre", "estado") VALUES (:yp0, :yp1, :yp2)' in C:\wamp\www\yii\framework\db\CDbCommand.php:358
Stack trace:
#0 C:\wamp\www\yii\framework\db\ar\CActiveRecord.php(1077): CDbCommand->execute()
#1 C:\wamp\www\yii\framework\db\ar\CActiveRecord.php(806): CActiveRecord->insert(NULL)
#2 C:\wamp\www\prueba_1\protected\controllers\CountriesController.php(12): CActiveRecord->save()
#3 C:\wamp\www\yii\framework\web\actions\CInlineAction.php(49): CountriesController->actionIndex()
#4 C:\wamp\www\yii\framework\web\CController.php(308): CInlineAction->runWithParams(Array)
#5 C:\wamp\www\yii\framework\web\CController.php(286): CController->runAction(Object(CInlineAction))
#6 C:\wamp\www\yii\framework\web\CController.php(265): CController->runActionWithFilters(Object(CInlineAction), Array)
#7 C:\wamp\www\yii\framework\web\CWebApplication.php(282): CController->run('index')
#8 C:\wamp\www\yii\framework\web\CWebApplication.php(141): CWebApplication->runController('countries/index')
#9 C:\wamp\www\yii\framework\base\CApplication.php(180): CWebApplication->processRequest()
#10 C:\wamp\www\prueba_1\index.php(14): CApplication->run()
#11 {main}
REQUEST_URI=/prueba_1/countries/index
---
2014/04/17 03:51:37 [error] [system.db.CDbCommand] CDbCommand::execute() failed: SQLSTATE[23505]: Unique violation: 7 ERROR:  llave duplicada viola restriccin de unicidad pk_countries
DETAIL:  Ya existe la llave (id)=(2).. The SQL statement executed was: INSERT INTO "countries" ("id", "nombre", "estado") VALUES (:yp0, :yp1, :yp2).
in C:\wamp\www\prueba_1\protected\controllers\CountriesController.php (12)
in C:\wamp\www\prueba_1\index.php (14)
2014/04/17 03:51:37 [error] [exception.CDbException] exception 'CDbException' with message 'CDbCommand failed to execute the SQL statement: SQLSTATE[23505]: Unique violation: 7 ERROR:  llave duplicada viola restriccin de unicidad pk_countries
DETAIL:  Ya existe la llave (id)=(2).. The SQL statement executed was: INSERT INTO "countries" ("id", "nombre", "estado") VALUES (:yp0, :yp1, :yp2)' in C:\wamp\www\yii\framework\db\CDbCommand.php:358
Stack trace:
#0 C:\wamp\www\yii\framework\db\ar\CActiveRecord.php(1077): CDbCommand->execute()
#1 C:\wamp\www\yii\framework\db\ar\CActiveRecord.php(806): CActiveRecord->insert(NULL)
#2 C:\wamp\www\prueba_1\protected\controllers\CountriesController.php(12): CActiveRecord->save()
#3 C:\wamp\www\yii\framework\web\actions\CInlineAction.php(49): CountriesController->actionIndex()
#4 C:\wamp\www\yii\framework\web\CController.php(308): CInlineAction->runWithParams(Array)
#5 C:\wamp\www\yii\framework\web\CController.php(286): CController->runAction(Object(CInlineAction))
#6 C:\wamp\www\yii\framework\web\CController.php(265): CController->runActionWithFilters(Object(CInlineAction), Array)
#7 C:\wamp\www\yii\framework\web\CWebApplication.php(282): CController->run('index')
#8 C:\wamp\www\yii\framework\web\CWebApplication.php(141): CWebApplication->runController('countries/index')
#9 C:\wamp\www\yii\framework\base\CApplication.php(180): CWebApplication->processRequest()
#10 C:\wamp\www\prueba_1\index.php(14): CApplication->run()
#11 {main}
REQUEST_URI=/prueba_1/countries/index
---
2014/04/17 16:04:49 [error] [exception.CHttpException.404] exception 'CHttpException' with message 'Unable to resolve the request "fichamedica/create".' in C:\wamp\www\tallerGit\yii\framework\web\CWebApplication.php:286
Stack trace:
#0 C:\wamp\www\tallerGit\yii\framework\web\CWebApplication.php(141): CWebApplication->runController('fichamedica/cre...')
#1 C:\wamp\www\tallerGit\yii\framework\base\CApplication.php(180): CWebApplication->processRequest()
#2 C:\wamp\www\tallerGit\patitasSys\index.php(14): CApplication->run()
#3 {main}
REQUEST_URI=/tallerGit/patitasSys/fichamedica/create
---
2014/04/17 16:05:11 [error] [exception.CHttpException.404] exception 'CHttpException' with message 'Unable to resolve the request "fichamedica/create".' in C:\wamp\www\tallerGit\yii\framework\web\CWebApplication.php:286
Stack trace:
#0 C:\wamp\www\tallerGit\yii\framework\web\CWebApplication.php(141): CWebApplication->runController('fichamedica/cre...')
#1 C:\wamp\www\tallerGit\yii\framework\base\CApplication.php(180): CWebApplication->processRequest()
#2 C:\wamp\www\tallerGit\patitasSys\index.php(14): CApplication->run()
#3 {main}
REQUEST_URI=/tallerGit/patitasSys/fichamedica/create
---
2014/04/17 16:15:18 [error] [exception.CDbException] exception 'CDbException' with message 'The table "ficha_medica" for active record class "FichaMedica" cannot be found in the database.' in C:\wamp\www\tallerGit\yii\framework\db\ar\CActiveRecord.php:2362
Stack trace:
#0 C:\wamp\www\tallerGit\yii\framework\db\ar\CActiveRecord.php(411): CActiveRecordMetaData->__construct(Object(FichaMedica))
#1 C:\wamp\www\tallerGit\yii\framework\db\ar\CActiveRecord.php(79): CActiveRecord->getMetaData()
#2 C:\wamp\www\tallerGit\patitasSys\protected\controllers\FichaMedicaController.php(27): CActiveRecord->__construct()
#3 C:\wamp\www\tallerGit\yii\framework\web\actions\CInlineAction.php(49): FichaMedicaController->actionCreate()
#4 C:\wamp\www\tallerGit\yii\framework\web\CController.php(308): CInlineAction->runWithParams(Array)
#5 C:\wamp\www\tallerGit\yii\framework\web\CController.php(286): CController->runAction(Object(CInlineAction))
#6 C:\wamp\www\tallerGit\yii\framework\web\CController.php(265): CController->runActionWithFilters(Object(CInlineAction), Array)
#7 C:\wamp\www\tallerGit\yii\framework\web\CWebApplication.php(282): CController->run('create')
#8 C:\wamp\www\tallerGit\yii\framework\web\CWebApplication.php(141): CWebApplication->runController('fichamedica/cre...')
#9 C:\wamp\www\tallerGit\yii\framework\base\CApplication.php(180): CWebApplication->processRequest()
#10 C:\wamp\www\tallerGit\patitasSys\index.php(14): CApplication->run()
#11 {main}
REQUEST_URI=/tallerGit/patitasSys/fichamedica/create
---
2014/04/17 16:16:05 [error] [exception.CDbException] exception 'CDbException' with message 'The table "ficha_medica" for active record class "FichaMedica" cannot be found in the database.' in C:\wamp\www\tallerGit\yii\framework\db\ar\CActiveRecord.php:2362
Stack trace:
#0 C:\wamp\www\tallerGit\yii\framework\db\ar\CActiveRecord.php(411): CActiveRecordMetaData->__construct(Object(FichaMedica))
#1 C:\wamp\www\tallerGit\yii\framework\db\ar\CActiveRecord.php(79): CActiveRecord->getMetaData()
#2 C:\wamp\www\tallerGit\patitasSys\protected\controllers\FichaMedicaController.php(27): CActiveRecord->__construct()
#3 C:\wamp\www\tallerGit\yii\framework\web\actions\CInlineAction.php(49): FichaMedicaController->actionCreate()
#4 C:\wamp\www\tallerGit\yii\framework\web\CController.php(308): CInlineAction->runWithParams(Array)
#5 C:\wamp\www\tallerGit\yii\framework\web\CController.php(286): CController->runAction(Object(CInlineAction))
#6 C:\wamp\www\tallerGit\yii\framework\web\CController.php(265): CController->runActionWithFilters(Object(CInlineAction), Array)
#7 C:\wamp\www\tallerGit\yii\framework\web\CWebApplication.php(282): CController->run('create')
#8 C:\wamp\www\tallerGit\yii\framework\web\CWebApplication.php(141): CWebApplication->runController('fichamedica/cre...')
#9 C:\wamp\www\tallerGit\yii\framework\base\CApplication.php(180): CWebApplication->processRequest()
#10 C:\wamp\www\tallerGit\patitasSys\index.php(14): CApplication->run()
#11 {main}
REQUEST_URI=/tallerGit/patitasSys/fichamedica/create
---
2014/04/17 16:16:09 [error] [exception.CDbException] exception 'CDbException' with message 'The table "ficha_medica" for active record class "FichaMedica" cannot be found in the database.' in C:\wamp\www\tallerGit\yii\framework\db\ar\CActiveRecord.php:2362
Stack trace:
#0 C:\wamp\www\tallerGit\yii\framework\db\ar\CActiveRecord.php(411): CActiveRecordMetaData->__construct(Object(FichaMedica))
#1 C:\wamp\www\tallerGit\yii\framework\db\ar\CActiveRecord.php(79): CActiveRecord->getMetaData()
#2 C:\wamp\www\tallerGit\patitasSys\protected\controllers\FichaMedicaController.php(27): CActiveRecord->__construct()
#3 C:\wamp\www\tallerGit\yii\framework\web\actions\CInlineAction.php(49): FichaMedicaController->actionCreate()
#4 C:\wamp\www\tallerGit\yii\framework\web\CController.php(308): CInlineAction->runWithParams(Array)
#5 C:\wamp\www\tallerGit\yii\framework\web\CController.php(286): CController->runAction(Object(CInlineAction))
#6 C:\wamp\www\tallerGit\yii\framework\web\CController.php(265): CController->runActionWithFilters(Object(CInlineAction), Array)
#7 C:\wamp\www\tallerGit\yii\framework\web\CWebApplication.php(282): CController->run('create')
#8 C:\wamp\www\tallerGit\yii\framework\web\CWebApplication.php(141): CWebApplication->runController('fichamedica/cre...')
#9 C:\wamp\www\tallerGit\yii\framework\base\CApplication.php(180): CWebApplication->processRequest()
#10 C:\wamp\www\tallerGit\patitasSys\index.php(14): CApplication->run()
#11 {main}
REQUEST_URI=/tallerGit/patitasSys/fichamedica/create
---
2014/04/17 16:44:16 [error] [system.db.CDbCommand] CDbCommand::execute() failed: SQLSTATE[23503]: Foreign key violation: 7 ERROR:  insercin o actualizacin en la tabla ficha_medica viola la llave fornea fk_ficha_me_posee_mascota
DETAIL:  La llave (clie_rut, masc_id)=(17.539.593-8, 1) no est presente en la tabla mascota.. The SQL statement executed was: INSERT INTO "ficha_medica" ("fichmed_id", "clie_rut", "masc_id", "fichmed_edad_masc", "fichmed_peso", "fichmed_diagnostico", "fichmed_indicacion") VALUES (:yp0, :yp1, :yp2, :yp3, :yp4, :yp5, :yp6).
in C:\wamp\www\tallerGit\patitasSys\protected\controllers\FichaMedicaController.php (37)
in C:\wamp\www\tallerGit\patitasSys\index.php (14)
2014/04/17 16:44:16 [error] [exception.CDbException] exception 'CDbException' with message 'CDbCommand failed to execute the SQL statement: SQLSTATE[23503]: Foreign key violation: 7 ERROR:  insercin o actualizacin en la tabla ficha_medica viola la llave fornea fk_ficha_me_posee_mascota
DETAIL:  La llave (clie_rut, masc_id)=(17.539.593-8, 1) no est presente en la tabla mascota.. The SQL statement executed was: INSERT INTO "ficha_medica" ("fichmed_id", "clie_rut", "masc_id", "fichmed_edad_masc", "fichmed_peso", "fichmed_diagnostico", "fichmed_indicacion") VALUES (:yp0, :yp1, :yp2, :yp3, :yp4, :yp5, :yp6)' in C:\wamp\www\tallerGit\yii\framework\db\CDbCommand.php:358
Stack trace:
#0 C:\wamp\www\tallerGit\yii\framework\db\ar\CActiveRecord.php(1077): CDbCommand->execute()
#1 C:\wamp\www\tallerGit\yii\framework\db\ar\CActiveRecord.php(806): CActiveRecord->insert(NULL)
#2 C:\wamp\www\tallerGit\patitasSys\protected\controllers\FichaMedicaController.php(37): CActiveRecord->save()
#3 C:\wamp\www\tallerGit\yii\framework\web\actions\CInlineAction.php(49): FichaMedicaController->actionCreate()
#4 C:\wamp\www\tallerGit\yii\framework\web\CController.php(308): CInlineAction->runWithParams(Array)
#5 C:\wamp\www\tallerGit\yii\framework\web\CController.php(286): CController->runAction(Object(CInlineAction))
#6 C:\wamp\www\tallerGit\yii\framework\web\CController.php(265): CController->runActionWithFilters(Object(CInlineAction), Array)
#7 C:\wamp\www\tallerGit\yii\framework\web\CWebApplication.php(282): CController->run('create')
#8 C:\wamp\www\tallerGit\yii\framework\web\CWebApplication.php(141): CWebApplication->runController('fichamedica/cre...')
#9 C:\wamp\www\tallerGit\yii\framework\base\CApplication.php(180): CWebApplication->processRequest()
#10 C:\wamp\www\tallerGit\patitasSys\index.php(14): CApplication->run()
#11 {main}
REQUEST_URI=/tallerGit/patitasSys/fichamedica/create
HTTP_REFERER=http://localhost/tallerGit/patitasSys/fichamedica/create
---
2014/04/17 16:45:23 [error] [exception.CDbException] exception 'CDbException' with message 'The table "ficha_medica,mascota,cliente" for active record class "FichaMedica" cannot be found in the database.' in C:\wamp\www\tallerGit\yii\framework\db\ar\CActiveRecord.php:2362
Stack trace:
#0 C:\wamp\www\tallerGit\yii\framework\db\ar\CActiveRecord.php(411): CActiveRecordMetaData->__construct(Object(FichaMedica))
#1 C:\wamp\www\tallerGit\yii\framework\db\ar\CActiveRecord.php(79): CActiveRecord->getMetaData()
#2 C:\wamp\www\tallerGit\patitasSys\protected\controllers\FichaMedicaController.php(27): CActiveRecord->__construct()
#3 C:\wamp\www\tallerGit\yii\framework\web\actions\CInlineAction.php(49): FichaMedicaController->actionCreate()
#4 C:\wamp\www\tallerGit\yii\framework\web\CController.php(308): CInlineAction->runWithParams(Array)
#5 C:\wamp\www\tallerGit\yii\framework\web\CController.php(286): CController->runAction(Object(CInlineAction))
#6 C:\wamp\www\tallerGit\yii\framework\web\CController.php(265): CController->runActionWithFilters(Object(CInlineAction), Array)
#7 C:\wamp\www\tallerGit\yii\framework\web\CWebApplication.php(282): CController->run('create')
#8 C:\wamp\www\tallerGit\yii\framework\web\CWebApplication.php(141): CWebApplication->runController('fichamedica/cre...')
#9 C:\wamp\www\tallerGit\yii\framework\base\CApplication.php(180): CWebApplication->processRequest()
#10 C:\wamp\www\tallerGit\patitasSys\index.php(14): CApplication->run()
#11 {main}
REQUEST_URI=/tallerGit/patitasSys/fichamedica/create
---
2014/04/17 16:45:34 [error] [exception.CDbException] exception 'CDbException' with message 'The table "ficha_medica,mascota,cliente" for active record class "FichaMedica" cannot be found in the database.' in C:\wamp\www\tallerGit\yii\framework\db\ar\CActiveRecord.php:2362
Stack trace:
#0 C:\wamp\www\tallerGit\yii\framework\db\ar\CActiveRecord.php(411): CActiveRecordMetaData->__construct(Object(FichaMedica))
#1 C:\wamp\www\tallerGit\yii\framework\db\ar\CActiveRecord.php(79): CActiveRecord->getMetaData()
#2 C:\wamp\www\tallerGit\patitasSys\protected\controllers\FichaMedicaController.php(27): CActiveRecord->__construct()
#3 C:\wamp\www\tallerGit\yii\framework\web\actions\CInlineAction.php(49): FichaMedicaController->actionCreate()
#4 C:\wamp\www\tallerGit\yii\framework\web\CController.php(308): CInlineAction->runWithParams(Array)
#5 C:\wamp\www\tallerGit\yii\framework\web\CController.php(286): CController->runAction(Object(CInlineAction))
#6 C:\wamp\www\tallerGit\yii\framework\web\CController.php(265): CController->runActionWithFilters(Object(CInlineAction), Array)
#7 C:\wamp\www\tallerGit\yii\framework\web\CWebApplication.php(282): CController->run('create')
#8 C:\wamp\www\tallerGit\yii\framework\web\CWebApplication.php(141): CWebApplication->runController('fichamedica/cre...')
#9 C:\wamp\www\tallerGit\yii\framework\base\CApplication.php(180): CWebApplication->processRequest()
#10 C:\wamp\www\tallerGit\patitasSys\index.php(14): CApplication->run()
#11 {main}
REQUEST_URI=/tallerGit/patitasSys/fichamedica/create
---
2014/04/17 16:45:42 [error] [exception.CDbException] exception 'CDbException' with message 'The table "ficha_medica,mascota,cliente" for active record class "FichaMedica" cannot be found in the database.' in C:\wamp\www\tallerGit\yii\framework\db\ar\CActiveRecord.php:2362
Stack trace:
#0 C:\wamp\www\tallerGit\yii\framework\db\ar\CActiveRecord.php(411): CActiveRecordMetaData->__construct(Object(FichaMedica))
#1 C:\wamp\www\tallerGit\yii\framework\db\ar\CActiveRecord.php(79): CActiveRecord->getMetaData()
#2 C:\wamp\www\tallerGit\patitasSys\protected\controllers\FichaMedicaController.php(27): CActiveRecord->__construct()
#3 C:\wamp\www\tallerGit\yii\framework\web\actions\CInlineAction.php(49): FichaMedicaController->actionCreate()
#4 C:\wamp\www\tallerGit\yii\framework\web\CController.php(308): CInlineAction->runWithParams(Array)
#5 C:\wamp\www\tallerGit\yii\framework\web\CController.php(286): CController->runAction(Object(CInlineAction))
#6 C:\wamp\www\tallerGit\yii\framework\web\CController.php(265): CController->runActionWithFilters(Object(CInlineAction), Array)
#7 C:\wamp\www\tallerGit\yii\framework\web\CWebApplication.php(282): CController->run('create')
#8 C:\wamp\www\tallerGit\yii\framework\web\CWebApplication.php(141): CWebApplication->runController('fichamedica/cre...')
#9 C:\wamp\www\tallerGit\yii\framework\base\CApplication.php(180): CWebApplication->processRequest()
#10 C:\wamp\www\tallerGit\patitasSys\index.php(14): CApplication->run()
#11 {main}
REQUEST_URI=/tallerGit/patitasSys/fichamedica/create
---
2014/04/17 16:47:24 [error] [php] Illegal offset type in isset or empty (C:\wamp\www\tallerGit\yii\framework\db\schema\CDbSchema.php:74)
Stack trace:
#0 C:\wamp\www\tallerGit\yii\framework\db\ar\CActiveRecord.php(79): FichaMedica->getMetaData()
#1 C:\wamp\www\tallerGit\patitasSys\protected\controllers\FichaMedicaController.php(27): FichaMedica->__construct()
#2 C:\wamp\www\tallerGit\yii\framework\web\actions\CInlineAction.php(49): FichaMedicaController->actionCreate()
#3 C:\wamp\www\tallerGit\yii\framework\web\CController.php(308): CInlineAction->runWithParams()
#4 C:\wamp\www\tallerGit\yii\framework\web\CController.php(286): FichaMedicaController->runAction()
#5 C:\wamp\www\tallerGit\yii\framework\web\CController.php(265): FichaMedicaController->runActionWithFilters()
#6 C:\wamp\www\tallerGit\yii\framework\web\CWebApplication.php(282): FichaMedicaController->run()
#7 C:\wamp\www\tallerGit\yii\framework\web\CWebApplication.php(141): CWebApplication->runController()
#8 C:\wamp\www\tallerGit\yii\framework\base\CApplication.php(180): CWebApplication->processRequest()
#9 C:\wamp\www\tallerGit\patitasSys\index.php(14): CWebApplication->run()
REQUEST_URI=/tallerGit/patitasSys/fichamedica/create
in C:\wamp\www\tallerGit\patitasSys\protected\controllers\FichaMedicaController.php (27)
in C:\wamp\www\tallerGit\patitasSys\index.php (14)
2014/04/17 16:50:36 [error] [system.db.CDbCommand] CDbCommand::execute() failed: SQLSTATE[23503]: Foreign key violation: 7 ERROR:  insercin o actualizacin en la tabla ficha_medica viola la llave fornea fk_ficha_me_posee_mascota
DETAIL:  La llave (clie_rut, masc_id)=(17.539.593-8, 1) no est presente en la tabla mascota.. The SQL statement executed was: INSERT INTO "ficha_medica" ("fichmed_id", "clie_rut", "masc_id", "fichmed_edad_masc", "fichmed_peso", "fichmed_diagnostico", "fichmed_indicacion") VALUES (:yp0, :yp1, :yp2, :yp3, :yp4, :yp5, :yp6).
in C:\wamp\www\tallerGit\patitasSys\protected\controllers\FichaMedicaController.php (37)
in C:\wamp\www\tallerGit\patitasSys\index.php (14)
2014/04/17 16:50:36 [error] [exception.CDbException] exception 'CDbException' with message 'CDbCommand failed to execute the SQL statement: SQLSTATE[23503]: Foreign key violation: 7 ERROR:  insercin o actualizacin en la tabla ficha_medica viola la llave fornea fk_ficha_me_posee_mascota
DETAIL:  La llave (clie_rut, masc_id)=(17.539.593-8, 1) no est presente en la tabla mascota.. The SQL statement executed was: INSERT INTO "ficha_medica" ("fichmed_id", "clie_rut", "masc_id", "fichmed_edad_masc", "fichmed_peso", "fichmed_diagnostico", "fichmed_indicacion") VALUES (:yp0, :yp1, :yp2, :yp3, :yp4, :yp5, :yp6)' in C:\wamp\www\tallerGit\yii\framework\db\CDbCommand.php:358
Stack trace:
#0 C:\wamp\www\tallerGit\yii\framework\db\ar\CActiveRecord.php(1077): CDbCommand->execute()
#1 C:\wamp\www\tallerGit\yii\framework\db\ar\CActiveRecord.php(806): CActiveRecord->insert(NULL)
#2 C:\wamp\www\tallerGit\patitasSys\protected\controllers\FichaMedicaController.php(37): CActiveRecord->save()
#3 C:\wamp\www\tallerGit\yii\framework\web\actions\CInlineAction.php(49): FichaMedicaController->actionCreate()
#4 C:\wamp\www\tallerGit\yii\framework\web\CController.php(308): CInlineAction->runWithParams(Array)
#5 C:\wamp\www\tallerGit\yii\framework\web\CController.php(286): CController->runAction(Object(CInlineAction))
#6 C:\wamp\www\tallerGit\yii\framework\web\CController.php(265): CController->runActionWithFilters(Object(CInlineAction), Array)
#7 C:\wamp\www\tallerGit\yii\framework\web\CWebApplication.php(282): CController->run('create')
#8 C:\wamp\www\tallerGit\yii\framework\web\CWebApplication.php(141): CWebApplication->runController('fichamedica/cre...')
#9 C:\wamp\www\tallerGit\yii\framework\base\CApplication.php(180): CWebApplication->processRequest()
#10 C:\wamp\www\tallerGit\patitasSys\index.php(14): CApplication->run()
#11 {main}
REQUEST_URI=/tallerGit/patitasSys/fichamedica/create
HTTP_REFERER=http://localhost/tallerGit/patitasSys/fichamedica/create
---
2014/04/17 16:56:23 [error] [system.db.CDbCommand] CDbCommand::execute() failed: SQLSTATE[23503]: Foreign key violation: 7 ERROR:  insercin o actualizacin en la tabla ficha_medica viola la llave fornea fk_ficha_me_posee_mascota
DETAIL:  La llave (clie_rut, masc_id)=(17.539.593-8, 1) no est presente en la tabla mascota.. The SQL statement executed was: INSERT INTO "ficha_medica" ("fichmed_id", "clie_rut", "masc_id", "fichmed_edad_masc", "fichmed_peso", "fichmed_diagnostico", "fichmed_indicacion") VALUES (:yp0, :yp1, :yp2, :yp3, :yp4, :yp5, :yp6).
in C:\wamp\www\tallerGit\patitasSys\protected\controllers\FichaMedicaController.php (37)
in C:\wamp\www\tallerGit\patitasSys\index.php (14)
2014/04/17 16:56:23 [error] [exception.CDbException] exception 'CDbException' with message 'CDbCommand failed to execute the SQL statement: SQLSTATE[23503]: Foreign key violation: 7 ERROR:  insercin o actualizacin en la tabla ficha_medica viola la llave fornea fk_ficha_me_posee_mascota
DETAIL:  La llave (clie_rut, masc_id)=(17.539.593-8, 1) no est presente en la tabla mascota.. The SQL statement executed was: INSERT INTO "ficha_medica" ("fichmed_id", "clie_rut", "masc_id", "fichmed_edad_masc", "fichmed_peso", "fichmed_diagnostico", "fichmed_indicacion") VALUES (:yp0, :yp1, :yp2, :yp3, :yp4, :yp5, :yp6)' in C:\wamp\www\tallerGit\yii\framework\db\CDbCommand.php:358
Stack trace:
#0 C:\wamp\www\tallerGit\yii\framework\db\ar\CActiveRecord.php(1077): CDbCommand->execute()
#1 C:\wamp\www\tallerGit\yii\framework\db\ar\CActiveRecord.php(806): CActiveRecord->insert(NULL)
#2 C:\wamp\www\tallerGit\patitasSys\protected\controllers\FichaMedicaController.php(37): CActiveRecord->save()
#3 C:\wamp\www\tallerGit\yii\framework\web\actions\CInlineAction.php(49): FichaMedicaController->actionCreate()
#4 C:\wamp\www\tallerGit\yii\framework\web\CController.php(308): CInlineAction->runWithParams(Array)
#5 C:\wamp\www\tallerGit\yii\framework\web\CController.php(286): CController->runAction(Object(CInlineAction))
#6 C:\wamp\www\tallerGit\yii\framework\web\CController.php(265): CController->runActionWithFilters(Object(CInlineAction), Array)
#7 C:\wamp\www\tallerGit\yii\framework\web\CWebApplication.php(282): CController->run('create')
#8 C:\wamp\www\tallerGit\yii\framework\web\CWebApplication.php(141): CWebApplication->runController('fichamedica/cre...')
#9 C:\wamp\www\tallerGit\yii\framework\base\CApplication.php(180): CWebApplication->processRequest()
#10 C:\wamp\www\tallerGit\patitasSys\index.php(14): CApplication->run()
#11 {main}
REQUEST_URI=/tallerGit/patitasSys/fichamedica/create
HTTP_REFERER=http://localhost/tallerGit/patitasSys/fichamedica/create
---
2014/04/17 17:51:47 [error] [system.db.CDbCommand] CDbCommand::execute() failed: SQLSTATE[23503]: Foreign key violation: 7 ERROR:  insercin o actualizacin en la tabla ficha_medica viola la llave fornea fk_ficha_me_posee_mascota
DETAIL:  La llave (clie_rut, masc_id)=(17.539.593-8, 1) no est presente en la tabla mascota.. The SQL statement executed was: INSERT INTO "ficha_medica" ("fichmed_id", "clie_rut", "masc_id", "fichmed_edad_masc", "fichmed_peso", "fichmed_diagnostico", "fichmed_indicacion") VALUES (:yp0, :yp1, :yp2, :yp3, :yp4, :yp5, :yp6).
in C:\wamp\www\tallerGit\patitasSys\protected\controllers\FichaMedicaController.php (37)
in C:\wamp\www\tallerGit\patitasSys\index.php (14)
2014/04/17 17:51:48 [error] [exception.CDbException] exception 'CDbException' with message 'CDbCommand failed to execute the SQL statement: SQLSTATE[23503]: Foreign key violation: 7 ERROR:  insercin o actualizacin en la tabla ficha_medica viola la llave fornea fk_ficha_me_posee_mascota
DETAIL:  La llave (clie_rut, masc_id)=(17.539.593-8, 1) no est presente en la tabla mascota.. The SQL statement executed was: INSERT INTO "ficha_medica" ("fichmed_id", "clie_rut", "masc_id", "fichmed_edad_masc", "fichmed_peso", "fichmed_diagnostico", "fichmed_indicacion") VALUES (:yp0, :yp1, :yp2, :yp3, :yp4, :yp5, :yp6)' in C:\wamp\www\tallerGit\yii\framework\db\CDbCommand.php:358
Stack trace:
#0 C:\wamp\www\tallerGit\yii\framework\db\ar\CActiveRecord.php(1077): CDbCommand->execute()
#1 C:\wamp\www\tallerGit\yii\framework\db\ar\CActiveRecord.php(806): CActiveRecord->insert(NULL)
#2 C:\wamp\www\tallerGit\patitasSys\protected\controllers\FichaMedicaController.php(37): CActiveRecord->save()
#3 C:\wamp\www\tallerGit\yii\framework\web\actions\CInlineAction.php(49): FichaMedicaController->actionCreate()
#4 C:\wamp\www\tallerGit\yii\framework\web\CController.php(308): CInlineAction->runWithParams(Array)
#5 C:\wamp\www\tallerGit\yii\framework\web\CController.php(286): CController->runAction(Object(CInlineAction))
#6 C:\wamp\www\tallerGit\yii\framework\web\CController.php(265): CController->runActionWithFilters(Object(CInlineAction), Array)
#7 C:\wamp\www\tallerGit\yii\framework\web\CWebApplication.php(282): CController->run('create')
#8 C:\wamp\www\tallerGit\yii\framework\web\CWebApplication.php(141): CWebApplication->runController('fichamedica/cre...')
#9 C:\wamp\www\tallerGit\yii\framework\base\CApplication.php(180): CWebApplication->processRequest()
#10 C:\wamp\www\tallerGit\patitasSys\index.php(14): CApplication->run()
#11 {main}
REQUEST_URI=/tallerGit/patitasSys/fichamedica/create
HTTP_REFERER=http://localhost/tallerGit/patitasSys/fichamedica/create
---
2014/04/17 17:52:07 [error] [system.db.CDbCommand] CDbCommand::execute() failed: SQLSTATE[23503]: Foreign key violation: 7 ERROR:  insercin o actualizacin en la tabla ficha_medica viola la llave fornea fk_ficha_me_posee_mascota
DETAIL:  La llave (clie_rut, masc_id)=(17.539.593-8, 1) no est presente en la tabla mascota.. The SQL statement executed was: INSERT INTO "ficha_medica" ("fichmed_id", "clie_rut", "masc_id", "fichmed_edad_masc", "fichmed_peso", "fichmed_diagnostico", "fichmed_indicacion") VALUES (:yp0, :yp1, :yp2, :yp3, :yp4, :yp5, :yp6).
in C:\wamp\www\tallerGit\patitasSys\protected\controllers\FichaMedicaController.php (37)
in C:\wamp\www\tallerGit\patitasSys\index.php (14)
2014/04/17 17:52:07 [error] [exception.CDbException] exception 'CDbException' with message 'CDbCommand failed to execute the SQL statement: SQLSTATE[23503]: Foreign key violation: 7 ERROR:  insercin o actualizacin en la tabla ficha_medica viola la llave fornea fk_ficha_me_posee_mascota
DETAIL:  La llave (clie_rut, masc_id)=(17.539.593-8, 1) no est presente en la tabla mascota.. The SQL statement executed was: INSERT INTO "ficha_medica" ("fichmed_id", "clie_rut", "masc_id", "fichmed_edad_masc", "fichmed_peso", "fichmed_diagnostico", "fichmed_indicacion") VALUES (:yp0, :yp1, :yp2, :yp3, :yp4, :yp5, :yp6)' in C:\wamp\www\tallerGit\yii\framework\db\CDbCommand.php:358
Stack trace:
#0 C:\wamp\www\tallerGit\yii\framework\db\ar\CActiveRecord.php(1077): CDbCommand->execute()
#1 C:\wamp\www\tallerGit\yii\framework\db\ar\CActiveRecord.php(806): CActiveRecord->insert(NULL)
#2 C:\wamp\www\tallerGit\patitasSys\protected\controllers\FichaMedicaController.php(37): CActiveRecord->save()
#3 C:\wamp\www\tallerGit\yii\framework\web\actions\CInlineAction.php(49): FichaMedicaController->actionCreate()
#4 C:\wamp\www\tallerGit\yii\framework\web\CController.php(308): CInlineAction->runWithParams(Array)
#5 C:\wamp\www\tallerGit\yii\framework\web\CController.php(286): CController->runAction(Object(CInlineAction))
#6 C:\wamp\www\tallerGit\yii\framework\web\CController.php(265): CController->runActionWithFilters(Object(CInlineAction), Array)
#7 C:\wamp\www\tallerGit\yii\framework\web\CWebApplication.php(282): CController->run('create')
#8 C:\wamp\www\tallerGit\yii\framework\web\CWebApplication.php(141): CWebApplication->runController('fichamedica/cre...')
#9 C:\wamp\www\tallerGit\yii\framework\base\CApplication.php(180): CWebApplication->processRequest()
#10 C:\wamp\www\tallerGit\patitasSys\index.php(14): CApplication->run()
#11 {main}
REQUEST_URI=/tallerGit/patitasSys/fichamedica/create
HTTP_REFERER=http://localhost/tallerGit/patitasSys/fichamedica/create
---
