2014/03/14 20:45:43 [error] [exception.CHttpException.404] exception 'CHttpException' with message 'Unable to resolve the request "gii/model/index".' in C:\wamp\www\yii\framework\web\CWebApplication.php:286
Stack trace:
#0 C:\wamp\www\yii\framework\web\CWebApplication.php(141): CWebApplication->runController('gii/model/index')
#1 C:\wamp\www\yii\framework\base\CApplication.php(180): CWebApplication->processRequest()
#2 C:\wamp\www\yii\prueba_1\index.php(13): CApplication->run()
#3 {main}
REQUEST_URI=/yii/prueba_1/index.php?r=gii/model/index
---
2014/03/14 20:48:47 [error] [exception.CHttpException.404] exception 'CHttpException' with message 'Unable to resolve the request "gii".' in C:\wamp\www\yii\framework\web\CWebApplication.php:286
Stack trace:
#0 C:\wamp\www\yii\framework\web\CWebApplication.php(141): CWebApplication->runController('gii')
#1 C:\wamp\www\yii\framework\base\CApplication.php(180): CWebApplication->processRequest()
#2 C:\wamp\www\yii\prueba_1\index.php(13): CApplication->run()
#3 {main}
REQUEST_URI=/yii/prueba_1/index.php?r=gii
---
2014/03/14 20:49:14 [error] [exception.CHttpException.404] exception 'CHttpException' with message 'Unable to resolve the request "gii".' in C:\wamp\www\yii\framework\web\CWebApplication.php:286
Stack trace:
#0 C:\wamp\www\yii\framework\web\CWebApplication.php(141): CWebApplication->runController('gii')
#1 C:\wamp\www\yii\framework\base\CApplication.php(180): CWebApplication->processRequest()
#2 C:\wamp\www\yii\prueba_1\index.php(13): CApplication->run()
#3 {main}
REQUEST_URI=/yii/prueba_1/index.php?r=gii
---
2014/03/14 20:49:42 [error] [exception.CHttpException.404] exception 'CHttpException' with message 'Unable to resolve the request "gii".' in C:\wamp\www\yii\framework\web\CWebApplication.php:286
Stack trace:
#0 C:\wamp\www\yii\framework\web\CWebApplication.php(141): CWebApplication->runController('gii')
#1 C:\wamp\www\yii\framework\base\CApplication.php(180): CWebApplication->processRequest()
#2 C:\wamp\www\yii\prueba_1\index.php(13): CApplication->run()
#3 {main}
REQUEST_URI=/yii/prueba_1/index.php?r=gii
---
2014/03/14 20:50:11 [error] [exception.CHttpException.404] exception 'CHttpException' with message 'Unable to resolve the request "gii".' in C:\wamp\www\yii\framework\web\CWebApplication.php:286
Stack trace:
#0 C:\wamp\www\yii\framework\web\CWebApplication.php(141): CWebApplication->runController('gii')
#1 C:\wamp\www\yii\framework\base\CApplication.php(180): CWebApplication->processRequest()
#2 C:\wamp\www\yii\prueba_1\index.php(13): CApplication->run()
#3 {main}
REQUEST_URI=/yii/prueba_1/index.php?r=gii
---
2014/04/03 18:26:08 [error] [exception.CException] exception 'CException' with message 'Property "CWebUser.ui" is not defined.' in C:\wamp\www\yii\framework\base\CComponent.php:130
Stack trace:
#0 C:\wamp\www\yii\framework\web\auth\CWebUser.php(146): CComponent->__get('ui')
#1 C:\wamp\www\prueba_1\protected\views\layouts\main.php(57): CWebUser->__get('ui')
#2 C:\wamp\www\yii\framework\web\CBaseController.php(126): require('C:\wamp\www\pru...')
#3 C:\wamp\www\yii\framework\web\CBaseController.php(95): CBaseController->renderInternal('C:\wamp\www\pru...', Array, true)
#4 C:\wamp\www\yii\framework\web\widgets\CContentDecorator.php(76): CBaseController->renderFile('C:\wamp\www\pru...', Array, true)
#5 C:\wamp\www\yii\framework\web\widgets\CContentDecorator.php(54): CContentDecorator->decorate('<div id="conten...')
#6 C:\wamp\www\yii\framework\web\widgets\COutputProcessor.php(44): CContentDecorator->processOutput('<div id="conten...')
#7 C:\wamp\www\yii\framework\web\CBaseController.php(206): COutputProcessor->run()
#8 C:\wamp\www\yii\framework\web\CBaseController.php(300): CBaseController->endWidget('CContentDecorat...')
#9 C:\wamp\www\prueba_1\protected\views\layouts\column1.php(6): CBaseController->endContent()
#10 C:\wamp\www\yii\framework\web\CBaseController.php(126): require('C:\wamp\www\pru...')
#11 C:\wamp\www\yii\framework\web\CBaseController.php(95): CBaseController->renderInternal('C:\wamp\www\pru...', Array, true)
#12 C:\wamp\www\yii\framework\web\CController.php(784): CBaseController->renderFile('C:\wamp\www\pru...', Array, true)
#13 C:\wamp\www\prueba_1\protected\controllers\SiteController.php(32): CController->render('index')
#14 C:\wamp\www\yii\framework\web\actions\CInlineAction.php(49): SiteController->actionIndex()
#15 C:\wamp\www\yii\framework\web\CController.php(308): CInlineAction->runWithParams(Array)
#16 C:\wamp\www\yii\framework\web\CController.php(286): CController->runAction(Object(CInlineAction))
#17 C:\wamp\www\yii\framework\web\CController.php(265): CController->runActionWithFilters(Object(CInlineAction), Array)
#18 C:\wamp\www\yii\framework\web\CWebApplication.php(282): CController->run('')
#19 C:\wamp\www\yii\framework\web\CWebApplication.php(141): CWebApplication->runController('')
#20 C:\wamp\www\yii\framework\base\CApplication.php(180): CWebApplication->processRequest()
#21 C:\wamp\www\prueba_1\index.php(13): CApplication->run()
#22 {main}
REQUEST_URI=/prueba_1/
HTTP_REFERER=http://localhost/
---
2014/04/03 18:51:46 [error] [exception.CException] exception 'CException' with message 'Property "CWebUser.ui" is not defined.' in C:\wamp\www\yii\framework\base\CComponent.php:130
Stack trace:
#0 C:\wamp\www\yii\framework\web\auth\CWebUser.php(146): CComponent->__get('ui')
#1 C:\wamp\www\prueba_1\protected\views\layouts\main.php(57): CWebUser->__get('ui')
#2 C:\wamp\www\yii\framework\web\CBaseController.php(126): require('C:\wamp\www\pru...')
#3 C:\wamp\www\yii\framework\web\CBaseController.php(95): CBaseController->renderInternal('C:\wamp\www\pru...', Array, true)
#4 C:\wamp\www\yii\framework\web\widgets\CContentDecorator.php(76): CBaseController->renderFile('C:\wamp\www\pru...', Array, true)
#5 C:\wamp\www\yii\framework\web\widgets\CContentDecorator.php(54): CContentDecorator->decorate('<div id="conten...')
#6 C:\wamp\www\yii\framework\web\widgets\COutputProcessor.php(44): CContentDecorator->processOutput('<div id="conten...')
#7 C:\wamp\www\yii\framework\web\CBaseController.php(206): COutputProcessor->run()
#8 C:\wamp\www\yii\framework\web\CBaseController.php(300): CBaseController->endWidget('CContentDecorat...')
#9 C:\wamp\www\prueba_1\protected\views\layouts\column1.php(6): CBaseController->endContent()
#10 C:\wamp\www\yii\framework\web\CBaseController.php(126): require('C:\wamp\www\pru...')
#11 C:\wamp\www\yii\framework\web\CBaseController.php(95): CBaseController->renderInternal('C:\wamp\www\pru...', Array, true)
#12 C:\wamp\www\yii\framework\web\CController.php(784): CBaseController->renderFile('C:\wamp\www\pru...', Array, true)
#13 C:\wamp\www\prueba_1\protected\controllers\SiteController.php(32): CController->render('index')
#14 C:\wamp\www\yii\framework\web\actions\CInlineAction.php(49): SiteController->actionIndex()
#15 C:\wamp\www\yii\framework\web\CController.php(308): CInlineAction->runWithParams(Array)
#16 C:\wamp\www\yii\framework\web\CController.php(286): CController->runAction(Object(CInlineAction))
#17 C:\wamp\www\yii\framework\web\CController.php(265): CController->runActionWithFilters(Object(CInlineAction), Array)
#18 C:\wamp\www\yii\framework\web\CWebApplication.php(282): CController->run('')
#19 C:\wamp\www\yii\framework\web\CWebApplication.php(141): CWebApplication->runController('')
#20 C:\wamp\www\yii\framework\base\CApplication.php(180): CWebApplication->processRequest()
#21 C:\wamp\www\prueba_1\index.php(13): CApplication->run()
#22 {main}
REQUEST_URI=/prueba_1/
HTTP_REFERER=http://localhost/
---
2014/04/03 18:51:47 [error] [exception.CException] exception 'CException' with message 'Property "CWebUser.ui" is not defined.' in C:\wamp\www\yii\framework\base\CComponent.php:130
Stack trace:
#0 C:\wamp\www\yii\framework\web\auth\CWebUser.php(146): CComponent->__get('ui')
#1 C:\wamp\www\prueba_1\protected\views\layouts\main.php(57): CWebUser->__get('ui')
#2 C:\wamp\www\yii\framework\web\CBaseController.php(126): require('C:\wamp\www\pru...')
#3 C:\wamp\www\yii\framework\web\CBaseController.php(95): CBaseController->renderInternal('C:\wamp\www\pru...', Array, true)
#4 C:\wamp\www\yii\framework\web\widgets\CContentDecorator.php(76): CBaseController->renderFile('C:\wamp\www\pru...', Array, true)
#5 C:\wamp\www\yii\framework\web\widgets\CContentDecorator.php(54): CContentDecorator->decorate('<div id="conten...')
#6 C:\wamp\www\yii\framework\web\widgets\COutputProcessor.php(44): CContentDecorator->processOutput('<div id="conten...')
#7 C:\wamp\www\yii\framework\web\CBaseController.php(206): COutputProcessor->run()
#8 C:\wamp\www\yii\framework\web\CBaseController.php(300): CBaseController->endWidget('CContentDecorat...')
#9 C:\wamp\www\prueba_1\protected\views\layouts\column1.php(6): CBaseController->endContent()
#10 C:\wamp\www\yii\framework\web\CBaseController.php(126): require('C:\wamp\www\pru...')
#11 C:\wamp\www\yii\framework\web\CBaseController.php(95): CBaseController->renderInternal('C:\wamp\www\pru...', Array, true)
#12 C:\wamp\www\yii\framework\web\CController.php(784): CBaseController->renderFile('C:\wamp\www\pru...', Array, true)
#13 C:\wamp\www\prueba_1\protected\controllers\SiteController.php(32): CController->render('index')
#14 C:\wamp\www\yii\framework\web\actions\CInlineAction.php(49): SiteController->actionIndex()
#15 C:\wamp\www\yii\framework\web\CController.php(308): CInlineAction->runWithParams(Array)
#16 C:\wamp\www\yii\framework\web\CController.php(286): CController->runAction(Object(CInlineAction))
#17 C:\wamp\www\yii\framework\web\CController.php(265): CController->runActionWithFilters(Object(CInlineAction), Array)
#18 C:\wamp\www\yii\framework\web\CWebApplication.php(282): CController->run('')
#19 C:\wamp\www\yii\framework\web\CWebApplication.php(141): CWebApplication->runController('')
#20 C:\wamp\www\yii\framework\base\CApplication.php(180): CWebApplication->processRequest()
#21 C:\wamp\www\prueba_1\index.php(13): CApplication->run()
#22 {main}
REQUEST_URI=/prueba_1/
HTTP_REFERER=http://localhost/
---
2014/04/03 18:54:26 [error] [exception.CException] exception 'CException' with message 'Property "CWebUser.ui" is not defined.' in C:\wamp\www\yii\framework\base\CComponent.php:130
Stack trace:
#0 C:\wamp\www\yii\framework\web\auth\CWebUser.php(146): CComponent->__get('ui')
#1 C:\wamp\www\prueba_1\protected\views\layouts\main.php(57): CWebUser->__get('ui')
#2 C:\wamp\www\yii\framework\web\CBaseController.php(126): require('C:\wamp\www\pru...')
#3 C:\wamp\www\yii\framework\web\CBaseController.php(95): CBaseController->renderInternal('C:\wamp\www\pru...', Array, true)
#4 C:\wamp\www\yii\framework\web\widgets\CContentDecorator.php(76): CBaseController->renderFile('C:\wamp\www\pru...', Array, true)
#5 C:\wamp\www\yii\framework\web\widgets\CContentDecorator.php(54): CContentDecorator->decorate('<div id="conten...')
#6 C:\wamp\www\yii\framework\web\widgets\COutputProcessor.php(44): CContentDecorator->processOutput('<div id="conten...')
#7 C:\wamp\www\yii\framework\web\CBaseController.php(206): COutputProcessor->run()
#8 C:\wamp\www\yii\framework\web\CBaseController.php(300): CBaseController->endWidget('CContentDecorat...')
#9 C:\wamp\www\prueba_1\protected\views\layouts\column1.php(6): CBaseController->endContent()
#10 C:\wamp\www\yii\framework\web\CBaseController.php(126): require('C:\wamp\www\pru...')
#11 C:\wamp\www\yii\framework\web\CBaseController.php(95): CBaseController->renderInternal('C:\wamp\www\pru...', Array, true)
#12 C:\wamp\www\yii\framework\web\CController.php(784): CBaseController->renderFile('C:\wamp\www\pru...', Array, true)
#13 C:\wamp\www\prueba_1\protected\controllers\SiteController.php(32): CController->render('index')
#14 C:\wamp\www\yii\framework\web\actions\CInlineAction.php(49): SiteController->actionIndex()
#15 C:\wamp\www\yii\framework\web\CController.php(308): CInlineAction->runWithParams(Array)
#16 C:\wamp\www\yii\framework\web\CController.php(286): CController->runAction(Object(CInlineAction))
#17 C:\wamp\www\yii\framework\web\CController.php(265): CController->runActionWithFilters(Object(CInlineAction), Array)
#18 C:\wamp\www\yii\framework\web\CWebApplication.php(282): CController->run('')
#19 C:\wamp\www\yii\framework\web\CWebApplication.php(141): CWebApplication->runController('')
#20 C:\wamp\www\yii\framework\base\CApplication.php(180): CWebApplication->processRequest()
#21 C:\wamp\www\prueba_1\index.php(13): CApplication->run()
#22 {main}
REQUEST_URI=/prueba_1/
HTTP_REFERER=http://localhost/
---
2014/04/03 21:05:38 [error] [php] mail() [<a href='function.mail'>function.mail</a>]: Failed to connect to mailserver at &quot;localhost&quot; port 25, verify your &quot;SMTP&quot; and &quot;smtp_port&quot; setting in php.ini or use ini_set() (C:\wamp\www\prueba_1\protected\controllers\SiteController.php:67)
Stack trace:
#0 C:\wamp\www\yii\framework\web\CController.php(308): CInlineAction->runWithParams()
#1 C:\wamp\www\yii\framework\web\CController.php(286): SiteController->runAction()
#2 C:\wamp\www\yii\framework\web\CController.php(265): SiteController->runActionWithFilters()
#3 C:\wamp\www\yii\framework\web\CWebApplication.php(282): SiteController->run()
#4 C:\wamp\www\yii\framework\web\CWebApplication.php(141): CWebApplication->runController()
#5 C:\wamp\www\yii\framework\base\CApplication.php(180): CWebApplication->processRequest()
#6 C:\wamp\www\prueba_1\index.php(13): CWebApplication->run()
REQUEST_URI=/prueba_1/index.php?r=site/contact
in C:\wamp\www\prueba_1\protected\controllers\SiteController.php (67)
in C:\wamp\www\prueba_1\index.php (13)
2014/04/14 15:52:50 [error] [exception.CException] exception 'CException' with message 'Property "ContactForm.ID" is not defined.' in C:\wamp\www\yii\framework\base\CComponent.php:130
Stack trace:
#0 C:\wamp\www\yii\framework\web\helpers\CHtml.php(2529): CComponent->__get('ID')
#1 C:\wamp\www\yii\framework\web\helpers\CHtml.php(2252): CHtml::resolveValue(Object(ContactForm), 'ID')
#2 C:\wamp\www\yii\framework\web\helpers\CHtml.php(1434): CHtml::activeInputField('text', Object(ContactForm), 'ID', Array)
#3 C:\wamp\www\yii\framework\web\widgets\CActiveForm.php(725): CHtml::activeTextField(Object(ContactForm), 'ID', Array)
#4 C:\wamp\www\prueba_1\protected\views\site\contact.php(42): CActiveForm->textField(Object(ContactForm), 'ID')
#5 C:\wamp\www\yii\framework\web\CBaseController.php(126): require('C:\wamp\www\pru...')
#6 C:\wamp\www\yii\framework\web\CBaseController.php(95): CBaseController->renderInternal('C:\wamp\www\pru...', Array, true)
#7 C:\wamp\www\yii\framework\web\CController.php(869): CBaseController->renderFile('C:\wamp\www\pru...', Array, true)
#8 C:\wamp\www\yii\framework\web\CController.php(782): CController->renderPartial('contact', Array, true)
#9 C:\wamp\www\prueba_1\protected\controllers\SiteController.php(72): CController->render('contact', Array)
#10 C:\wamp\www\yii\framework\web\actions\CInlineAction.php(49): SiteController->actionContact()
#11 C:\wamp\www\yii\framework\web\CController.php(308): CInlineAction->runWithParams(Array)
#12 C:\wamp\www\yii\framework\web\CController.php(286): CController->runAction(Object(CInlineAction))
#13 C:\wamp\www\yii\framework\web\CController.php(265): CController->runActionWithFilters(Object(CInlineAction), Array)
#14 C:\wamp\www\yii\framework\web\CWebApplication.php(282): CController->run('contact')
#15 C:\wamp\www\yii\framework\web\CWebApplication.php(141): CWebApplication->runController('site/contact')
#16 C:\wamp\www\yii\framework\base\CApplication.php(180): CWebApplication->processRequest()
#17 C:\wamp\www\prueba_1\index.php(13): CApplication->run()
#18 {main}
REQUEST_URI=/prueba_1/index.php?r=site/contact
HTTP_REFERER=http://localhost/prueba_1/
---
2014/04/14 15:53:25 [error] [exception.CException] exception 'CException' with message 'Property "ContactForm.ID" is not defined.' in C:\wamp\www\yii\framework\base\CComponent.php:130
Stack trace:
#0 C:\wamp\www\yii\framework\web\helpers\CHtml.php(2529): CComponent->__get('ID')
#1 C:\wamp\www\yii\framework\web\helpers\CHtml.php(2252): CHtml::resolveValue(Object(ContactForm), 'ID')
#2 C:\wamp\www\yii\framework\web\helpers\CHtml.php(1434): CHtml::activeInputField('text', Object(ContactForm), 'ID', Array)
#3 C:\wamp\www\yii\framework\web\widgets\CActiveForm.php(725): CHtml::activeTextField(Object(ContactForm), 'ID', Array)
#4 C:\wamp\www\prueba_1\protected\views\site\contact.php(42): CActiveForm->textField(Object(ContactForm), 'ID')
#5 C:\wamp\www\yii\framework\web\CBaseController.php(126): require('C:\wamp\www\pru...')
#6 C:\wamp\www\yii\framework\web\CBaseController.php(95): CBaseController->renderInternal('C:\wamp\www\pru...', Array, true)
#7 C:\wamp\www\yii\framework\web\CController.php(869): CBaseController->renderFile('C:\wamp\www\pru...', Array, true)
#8 C:\wamp\www\yii\framework\web\CController.php(782): CController->renderPartial('contact', Array, true)
#9 C:\wamp\www\prueba_1\protected\controllers\SiteController.php(72): CController->render('contact', Array)
#10 C:\wamp\www\yii\framework\web\actions\CInlineAction.php(49): SiteController->actionContact()
#11 C:\wamp\www\yii\framework\web\CController.php(308): CInlineAction->runWithParams(Array)
#12 C:\wamp\www\yii\framework\web\CController.php(286): CController->runAction(Object(CInlineAction))
#13 C:\wamp\www\yii\framework\web\CController.php(265): CController->runActionWithFilters(Object(CInlineAction), Array)
#14 C:\wamp\www\yii\framework\web\CWebApplication.php(282): CController->run('contact')
#15 C:\wamp\www\yii\framework\web\CWebApplication.php(141): CWebApplication->runController('site/contact')
#16 C:\wamp\www\yii\framework\base\CApplication.php(180): CWebApplication->processRequest()
#17 C:\wamp\www\prueba_1\index.php(13): CApplication->run()
#18 {main}
REQUEST_URI=/prueba_1/index.php?r=site/contact
HTTP_REFERER=http://localhost/prueba_1/
---
2014/04/14 15:53:53 [error] [exception.CException] exception 'CException' with message 'Property "ContactForm.ID" is not defined.' in C:\wamp\www\yii\framework\base\CComponent.php:130
Stack trace:
#0 C:\wamp\www\yii\framework\web\helpers\CHtml.php(2529): CComponent->__get('ID')
#1 C:\wamp\www\yii\framework\web\helpers\CHtml.php(2252): CHtml::resolveValue(Object(ContactForm), 'ID')
#2 C:\wamp\www\yii\framework\web\helpers\CHtml.php(1434): CHtml::activeInputField('text', Object(ContactForm), 'ID', Array)
#3 C:\wamp\www\yii\framework\web\widgets\CActiveForm.php(725): CHtml::activeTextField(Object(ContactForm), 'ID', Array)
#4 C:\wamp\www\prueba_1\protected\views\site\contact.php(42): CActiveForm->textField(Object(ContactForm), 'ID')
#5 C:\wamp\www\yii\framework\web\CBaseController.php(126): require('C:\wamp\www\pru...')
#6 C:\wamp\www\yii\framework\web\CBaseController.php(95): CBaseController->renderInternal('C:\wamp\www\pru...', Array, true)
#7 C:\wamp\www\yii\framework\web\CController.php(869): CBaseController->renderFile('C:\wamp\www\pru...', Array, true)
#8 C:\wamp\www\yii\framework\web\CController.php(782): CController->renderPartial('contact', Array, true)
#9 C:\wamp\www\prueba_1\protected\controllers\SiteController.php(72): CController->render('contact', Array)
#10 C:\wamp\www\yii\framework\web\actions\CInlineAction.php(49): SiteController->actionContact()
#11 C:\wamp\www\yii\framework\web\CController.php(308): CInlineAction->runWithParams(Array)
#12 C:\wamp\www\yii\framework\web\CController.php(286): CController->runAction(Object(CInlineAction))
#13 C:\wamp\www\yii\framework\web\CController.php(265): CController->runActionWithFilters(Object(CInlineAction), Array)
#14 C:\wamp\www\yii\framework\web\CWebApplication.php(282): CController->run('contact')
#15 C:\wamp\www\yii\framework\web\CWebApplication.php(141): CWebApplication->runController('site/contact')
#16 C:\wamp\www\yii\framework\base\CApplication.php(180): CWebApplication->processRequest()
#17 C:\wamp\www\prueba_1\index.php(13): CApplication->run()
#18 {main}
REQUEST_URI=/prueba_1/index.php?r=site/contact
HTTP_REFERER=http://localhost/prueba_1/
---
2014/04/14 15:53:54 [error] [exception.CException] exception 'CException' with message 'Property "ContactForm.ID" is not defined.' in C:\wamp\www\yii\framework\base\CComponent.php:130
Stack trace:
#0 C:\wamp\www\yii\framework\web\helpers\CHtml.php(2529): CComponent->__get('ID')
#1 C:\wamp\www\yii\framework\web\helpers\CHtml.php(2252): CHtml::resolveValue(Object(ContactForm), 'ID')
#2 C:\wamp\www\yii\framework\web\helpers\CHtml.php(1434): CHtml::activeInputField('text', Object(ContactForm), 'ID', Array)
#3 C:\wamp\www\yii\framework\web\widgets\CActiveForm.php(725): CHtml::activeTextField(Object(ContactForm), 'ID', Array)
#4 C:\wamp\www\prueba_1\protected\views\site\contact.php(42): CActiveForm->textField(Object(ContactForm), 'ID')
#5 C:\wamp\www\yii\framework\web\CBaseController.php(126): require('C:\wamp\www\pru...')
#6 C:\wamp\www\yii\framework\web\CBaseController.php(95): CBaseController->renderInternal('C:\wamp\www\pru...', Array, true)
#7 C:\wamp\www\yii\framework\web\CController.php(869): CBaseController->renderFile('C:\wamp\www\pru...', Array, true)
#8 C:\wamp\www\yii\framework\web\CController.php(782): CController->renderPartial('contact', Array, true)
#9 C:\wamp\www\prueba_1\protected\controllers\SiteController.php(72): CController->render('contact', Array)
#10 C:\wamp\www\yii\framework\web\actions\CInlineAction.php(49): SiteController->actionContact()
#11 C:\wamp\www\yii\framework\web\CController.php(308): CInlineAction->runWithParams(Array)
#12 C:\wamp\www\yii\framework\web\CController.php(286): CController->runAction(Object(CInlineAction))
#13 C:\wamp\www\yii\framework\web\CController.php(265): CController->runActionWithFilters(Object(CInlineAction), Array)
#14 C:\wamp\www\yii\framework\web\CWebApplication.php(282): CController->run('contact')
#15 C:\wamp\www\yii\framework\web\CWebApplication.php(141): CWebApplication->runController('site/contact')
#16 C:\wamp\www\yii\framework\base\CApplication.php(180): CWebApplication->processRequest()
#17 C:\wamp\www\prueba_1\index.php(13): CApplication->run()
#18 {main}
REQUEST_URI=/prueba_1/index.php?r=site/contact
HTTP_REFERER=http://localhost/prueba_1/
---
2014/04/14 15:53:55 [error] [exception.CException] exception 'CException' with message 'Property "ContactForm.ID" is not defined.' in C:\wamp\www\yii\framework\base\CComponent.php:130
Stack trace:
#0 C:\wamp\www\yii\framework\web\helpers\CHtml.php(2529): CComponent->__get('ID')
#1 C:\wamp\www\yii\framework\web\helpers\CHtml.php(2252): CHtml::resolveValue(Object(ContactForm), 'ID')
#2 C:\wamp\www\yii\framework\web\helpers\CHtml.php(1434): CHtml::activeInputField('text', Object(ContactForm), 'ID', Array)
#3 C:\wamp\www\yii\framework\web\widgets\CActiveForm.php(725): CHtml::activeTextField(Object(ContactForm), 'ID', Array)
#4 C:\wamp\www\prueba_1\protected\views\site\contact.php(42): CActiveForm->textField(Object(ContactForm), 'ID')
#5 C:\wamp\www\yii\framework\web\CBaseController.php(126): require('C:\wamp\www\pru...')
#6 C:\wamp\www\yii\framework\web\CBaseController.php(95): CBaseController->renderInternal('C:\wamp\www\pru...', Array, true)
#7 C:\wamp\www\yii\framework\web\CController.php(869): CBaseController->renderFile('C:\wamp\www\pru...', Array, true)
#8 C:\wamp\www\yii\framework\web\CController.php(782): CController->renderPartial('contact', Array, true)
#9 C:\wamp\www\prueba_1\protected\controllers\SiteController.php(72): CController->render('contact', Array)
#10 C:\wamp\www\yii\framework\web\actions\CInlineAction.php(49): SiteController->actionContact()
#11 C:\wamp\www\yii\framework\web\CController.php(308): CInlineAction->runWithParams(Array)
#12 C:\wamp\www\yii\framework\web\CController.php(286): CController->runAction(Object(CInlineAction))
#13 C:\wamp\www\yii\framework\web\CController.php(265): CController->runActionWithFilters(Object(CInlineAction), Array)
#14 C:\wamp\www\yii\framework\web\CWebApplication.php(282): CController->run('contact')
#15 C:\wamp\www\yii\framework\web\CWebApplication.php(141): CWebApplication->runController('site/contact')
#16 C:\wamp\www\yii\framework\base\CApplication.php(180): CWebApplication->processRequest()
#17 C:\wamp\www\prueba_1\index.php(13): CApplication->run()
#18 {main}
REQUEST_URI=/prueba_1/index.php?r=site/contact
HTTP_REFERER=http://localhost/prueba_1/
---
2014/04/14 15:54:58 [error] [exception.CException] exception 'CException' with message 'Property "ContactForm.ID" is not defined.' in C:\wamp\www\yii\framework\base\CComponent.php:130
Stack trace:
#0 C:\wamp\www\yii\framework\web\helpers\CHtml.php(2529): CComponent->__get('ID')
#1 C:\wamp\www\yii\framework\web\helpers\CHtml.php(2252): CHtml::resolveValue(Object(ContactForm), 'ID')
#2 C:\wamp\www\yii\framework\web\helpers\CHtml.php(1434): CHtml::activeInputField('text', Object(ContactForm), 'ID', Array)
#3 C:\wamp\www\yii\framework\web\widgets\CActiveForm.php(725): CHtml::activeTextField(Object(ContactForm), 'ID', Array)
#4 C:\wamp\www\prueba_1\protected\views\site\contact.php(42): CActiveForm->textField(Object(ContactForm), 'ID')
#5 C:\wamp\www\yii\framework\web\CBaseController.php(126): require('C:\wamp\www\pru...')
#6 C:\wamp\www\yii\framework\web\CBaseController.php(95): CBaseController->renderInternal('C:\wamp\www\pru...', Array, true)
#7 C:\wamp\www\yii\framework\web\CController.php(869): CBaseController->renderFile('C:\wamp\www\pru...', Array, true)
#8 C:\wamp\www\yii\framework\web\CController.php(782): CController->renderPartial('contact', Array, true)
#9 C:\wamp\www\prueba_1\protected\controllers\SiteController.php(72): CController->render('contact', Array)
#10 C:\wamp\www\yii\framework\web\actions\CInlineAction.php(49): SiteController->actionContact()
#11 C:\wamp\www\yii\framework\web\CController.php(308): CInlineAction->runWithParams(Array)
#12 C:\wamp\www\yii\framework\web\CController.php(286): CController->runAction(Object(CInlineAction))
#13 C:\wamp\www\yii\framework\web\CController.php(265): CController->runActionWithFilters(Object(CInlineAction), Array)
#14 C:\wamp\www\yii\framework\web\CWebApplication.php(282): CController->run('contact')
#15 C:\wamp\www\yii\framework\web\CWebApplication.php(141): CWebApplication->runController('site/contact')
#16 C:\wamp\www\yii\framework\base\CApplication.php(180): CWebApplication->processRequest()
#17 C:\wamp\www\prueba_1\index.php(13): CApplication->run()
#18 {main}
REQUEST_URI=/prueba_1/index.php?r=site/contact
HTTP_REFERER=http://localhost/prueba_1/
---
2014/04/14 15:55:22 [error] [exception.CException] exception 'CException' with message 'Property "ContactForm.ID" is not defined.' in C:\wamp\www\yii\framework\base\CComponent.php:130
Stack trace:
#0 C:\wamp\www\yii\framework\web\helpers\CHtml.php(2529): CComponent->__get('ID')
#1 C:\wamp\www\yii\framework\web\helpers\CHtml.php(2252): CHtml::resolveValue(Object(ContactForm), 'ID')
#2 C:\wamp\www\yii\framework\web\helpers\CHtml.php(1434): CHtml::activeInputField('text', Object(ContactForm), 'ID', Array)
#3 C:\wamp\www\yii\framework\web\widgets\CActiveForm.php(725): CHtml::activeTextField(Object(ContactForm), 'ID', Array)
#4 C:\wamp\www\prueba_1\protected\views\site\contact.php(42): CActiveForm->textField(Object(ContactForm), 'ID')
#5 C:\wamp\www\yii\framework\web\CBaseController.php(126): require('C:\wamp\www\pru...')
#6 C:\wamp\www\yii\framework\web\CBaseController.php(95): CBaseController->renderInternal('C:\wamp\www\pru...', Array, true)
#7 C:\wamp\www\yii\framework\web\CController.php(869): CBaseController->renderFile('C:\wamp\www\pru...', Array, true)
#8 C:\wamp\www\yii\framework\web\CController.php(782): CController->renderPartial('contact', Array, true)
#9 C:\wamp\www\prueba_1\protected\controllers\SiteController.php(72): CController->render('contact', Array)
#10 C:\wamp\www\yii\framework\web\actions\CInlineAction.php(49): SiteController->actionContact()
#11 C:\wamp\www\yii\framework\web\CController.php(308): CInlineAction->runWithParams(Array)
#12 C:\wamp\www\yii\framework\web\CController.php(286): CController->runAction(Object(CInlineAction))
#13 C:\wamp\www\yii\framework\web\CController.php(265): CController->runActionWithFilters(Object(CInlineAction), Array)
#14 C:\wamp\www\yii\framework\web\CWebApplication.php(282): CController->run('contact')
#15 C:\wamp\www\yii\framework\web\CWebApplication.php(141): CWebApplication->runController('site/contact')
#16 C:\wamp\www\yii\framework\base\CApplication.php(180): CWebApplication->processRequest()
#17 C:\wamp\www\prueba_1\index.php(13): CApplication->run()
#18 {main}
REQUEST_URI=/prueba_1/index.php?r=site/contact
HTTP_REFERER=http://localhost/prueba_1/
---
2014/04/14 15:55:24 [error] [exception.CException] exception 'CException' with message 'Property "ContactForm.ID" is not defined.' in C:\wamp\www\yii\framework\base\CComponent.php:130
Stack trace:
#0 C:\wamp\www\yii\framework\web\helpers\CHtml.php(2529): CComponent->__get('ID')
#1 C:\wamp\www\yii\framework\web\helpers\CHtml.php(2252): CHtml::resolveValue(Object(ContactForm), 'ID')
#2 C:\wamp\www\yii\framework\web\helpers\CHtml.php(1434): CHtml::activeInputField('text', Object(ContactForm), 'ID', Array)
#3 C:\wamp\www\yii\framework\web\widgets\CActiveForm.php(725): CHtml::activeTextField(Object(ContactForm), 'ID', Array)
#4 C:\wamp\www\prueba_1\protected\views\site\contact.php(42): CActiveForm->textField(Object(ContactForm), 'ID')
#5 C:\wamp\www\yii\framework\web\CBaseController.php(126): require('C:\wamp\www\pru...')
#6 C:\wamp\www\yii\framework\web\CBaseController.php(95): CBaseController->renderInternal('C:\wamp\www\pru...', Array, true)
#7 C:\wamp\www\yii\framework\web\CController.php(869): CBaseController->renderFile('C:\wamp\www\pru...', Array, true)
#8 C:\wamp\www\yii\framework\web\CController.php(782): CController->renderPartial('contact', Array, true)
#9 C:\wamp\www\prueba_1\protected\controllers\SiteController.php(72): CController->render('contact', Array)
#10 C:\wamp\www\yii\framework\web\actions\CInlineAction.php(49): SiteController->actionContact()
#11 C:\wamp\www\yii\framework\web\CController.php(308): CInlineAction->runWithParams(Array)
#12 C:\wamp\www\yii\framework\web\CController.php(286): CController->runAction(Object(CInlineAction))
#13 C:\wamp\www\yii\framework\web\CController.php(265): CController->runActionWithFilters(Object(CInlineAction), Array)
#14 C:\wamp\www\yii\framework\web\CWebApplication.php(282): CController->run('contact')
#15 C:\wamp\www\yii\framework\web\CWebApplication.php(141): CWebApplication->runController('site/contact')
#16 C:\wamp\www\yii\framework\base\CApplication.php(180): CWebApplication->processRequest()
#17 C:\wamp\www\prueba_1\index.php(13): CApplication->run()
#18 {main}
REQUEST_URI=/prueba_1/index.php?r=site/contact
HTTP_REFERER=http://localhost/prueba_1/
---
2014/04/14 15:55:26 [error] [exception.CException] exception 'CException' with message 'Property "ContactForm.ID" is not defined.' in C:\wamp\www\yii\framework\base\CComponent.php:130
Stack trace:
#0 C:\wamp\www\yii\framework\web\helpers\CHtml.php(2529): CComponent->__get('ID')
#1 C:\wamp\www\yii\framework\web\helpers\CHtml.php(2252): CHtml::resolveValue(Object(ContactForm), 'ID')
#2 C:\wamp\www\yii\framework\web\helpers\CHtml.php(1434): CHtml::activeInputField('text', Object(ContactForm), 'ID', Array)
#3 C:\wamp\www\yii\framework\web\widgets\CActiveForm.php(725): CHtml::activeTextField(Object(ContactForm), 'ID', Array)
#4 C:\wamp\www\prueba_1\protected\views\site\contact.php(42): CActiveForm->textField(Object(ContactForm), 'ID')
#5 C:\wamp\www\yii\framework\web\CBaseController.php(126): require('C:\wamp\www\pru...')
#6 C:\wamp\www\yii\framework\web\CBaseController.php(95): CBaseController->renderInternal('C:\wamp\www\pru...', Array, true)
#7 C:\wamp\www\yii\framework\web\CController.php(869): CBaseController->renderFile('C:\wamp\www\pru...', Array, true)
#8 C:\wamp\www\yii\framework\web\CController.php(782): CController->renderPartial('contact', Array, true)
#9 C:\wamp\www\prueba_1\protected\controllers\SiteController.php(72): CController->render('contact', Array)
#10 C:\wamp\www\yii\framework\web\actions\CInlineAction.php(49): SiteController->actionContact()
#11 C:\wamp\www\yii\framework\web\CController.php(308): CInlineAction->runWithParams(Array)
#12 C:\wamp\www\yii\framework\web\CController.php(286): CController->runAction(Object(CInlineAction))
#13 C:\wamp\www\yii\framework\web\CController.php(265): CController->runActionWithFilters(Object(CInlineAction), Array)
#14 C:\wamp\www\yii\framework\web\CWebApplication.php(282): CController->run('contact')
#15 C:\wamp\www\yii\framework\web\CWebApplication.php(141): CWebApplication->runController('site/contact')
#16 C:\wamp\www\yii\framework\base\CApplication.php(180): CWebApplication->processRequest()
#17 C:\wamp\www\prueba_1\index.php(13): CApplication->run()
#18 {main}
REQUEST_URI=/prueba_1/index.php?r=site/contact
---
2014/04/14 15:57:45 [error] [exception.CException] exception 'CException' with message 'Property "ContactForm.ID" is not defined.' in C:\wamp\www\yii\framework\base\CComponent.php:130
Stack trace:
#0 C:\wamp\www\yii\framework\web\helpers\CHtml.php(2529): CComponent->__get('ID')
#1 C:\wamp\www\yii\framework\web\helpers\CHtml.php(2252): CHtml::resolveValue(Object(ContactForm), 'ID')
#2 C:\wamp\www\yii\framework\web\helpers\CHtml.php(1434): CHtml::activeInputField('text', Object(ContactForm), 'ID', Array)
#3 C:\wamp\www\yii\framework\web\widgets\CActiveForm.php(725): CHtml::activeTextField(Object(ContactForm), 'ID', Array)
#4 C:\wamp\www\prueba_1\protected\views\site\contact.php(42): CActiveForm->textField(Object(ContactForm), 'ID')
#5 C:\wamp\www\yii\framework\web\CBaseController.php(126): require('C:\wamp\www\pru...')
#6 C:\wamp\www\yii\framework\web\CBaseController.php(95): CBaseController->renderInternal('C:\wamp\www\pru...', Array, true)
#7 C:\wamp\www\yii\framework\web\CController.php(869): CBaseController->renderFile('C:\wamp\www\pru...', Array, true)
#8 C:\wamp\www\yii\framework\web\CController.php(782): CController->renderPartial('contact', Array, true)
#9 C:\wamp\www\prueba_1\protected\controllers\SiteController.php(72): CController->render('contact', Array)
#10 C:\wamp\www\yii\framework\web\actions\CInlineAction.php(49): SiteController->actionContact()
#11 C:\wamp\www\yii\framework\web\CController.php(308): CInlineAction->runWithParams(Array)
#12 C:\wamp\www\yii\framework\web\CController.php(286): CController->runAction(Object(CInlineAction))
#13 C:\wamp\www\yii\framework\web\CController.php(265): CController->runActionWithFilters(Object(CInlineAction), Array)
#14 C:\wamp\www\yii\framework\web\CWebApplication.php(282): CController->run('contact')
#15 C:\wamp\www\yii\framework\web\CWebApplication.php(141): CWebApplication->runController('site/contact')
#16 C:\wamp\www\yii\framework\base\CApplication.php(180): CWebApplication->processRequest()
#17 C:\wamp\www\prueba_1\index.php(13): CApplication->run()
#18 {main}
REQUEST_URI=/prueba_1/index.php?r=site/contact
---
2014/04/14 15:57:47 [error] [exception.CException] exception 'CException' with message 'Property "ContactForm.ID" is not defined.' in C:\wamp\www\yii\framework\base\CComponent.php:130
Stack trace:
#0 C:\wamp\www\yii\framework\web\helpers\CHtml.php(2529): CComponent->__get('ID')
#1 C:\wamp\www\yii\framework\web\helpers\CHtml.php(2252): CHtml::resolveValue(Object(ContactForm), 'ID')
#2 C:\wamp\www\yii\framework\web\helpers\CHtml.php(1434): CHtml::activeInputField('text', Object(ContactForm), 'ID', Array)
#3 C:\wamp\www\yii\framework\web\widgets\CActiveForm.php(725): CHtml::activeTextField(Object(ContactForm), 'ID', Array)
#4 C:\wamp\www\prueba_1\protected\views\site\contact.php(42): CActiveForm->textField(Object(ContactForm), 'ID')
#5 C:\wamp\www\yii\framework\web\CBaseController.php(126): require('C:\wamp\www\pru...')
#6 C:\wamp\www\yii\framework\web\CBaseController.php(95): CBaseController->renderInternal('C:\wamp\www\pru...', Array, true)
#7 C:\wamp\www\yii\framework\web\CController.php(869): CBaseController->renderFile('C:\wamp\www\pru...', Array, true)
#8 C:\wamp\www\yii\framework\web\CController.php(782): CController->renderPartial('contact', Array, true)
#9 C:\wamp\www\prueba_1\protected\controllers\SiteController.php(72): CController->render('contact', Array)
#10 C:\wamp\www\yii\framework\web\actions\CInlineAction.php(49): SiteController->actionContact()
#11 C:\wamp\www\yii\framework\web\CController.php(308): CInlineAction->runWithParams(Array)
#12 C:\wamp\www\yii\framework\web\CController.php(286): CController->runAction(Object(CInlineAction))
#13 C:\wamp\www\yii\framework\web\CController.php(265): CController->runActionWithFilters(Object(CInlineAction), Array)
#14 C:\wamp\www\yii\framework\web\CWebApplication.php(282): CController->run('contact')
#15 C:\wamp\www\yii\framework\web\CWebApplication.php(141): CWebApplication->runController('site/contact')
#16 C:\wamp\www\yii\framework\base\CApplication.php(180): CWebApplication->processRequest()
#17 C:\wamp\www\prueba_1\index.php(13): CApplication->run()
#18 {main}
REQUEST_URI=/prueba_1/index.php?r=site/contact
---
2014/04/14 15:58:05 [error] [exception.CException] exception 'CException' with message 'Property "ContactForm.ID" is not defined.' in C:\wamp\www\yii\framework\base\CComponent.php:130
Stack trace:
#0 C:\wamp\www\yii\framework\web\helpers\CHtml.php(2529): CComponent->__get('ID')
#1 C:\wamp\www\yii\framework\web\helpers\CHtml.php(2252): CHtml::resolveValue(Object(ContactForm), 'ID')
#2 C:\wamp\www\yii\framework\web\helpers\CHtml.php(1434): CHtml::activeInputField('text', Object(ContactForm), 'ID', Array)
#3 C:\wamp\www\yii\framework\web\widgets\CActiveForm.php(725): CHtml::activeTextField(Object(ContactForm), 'ID', Array)
#4 C:\wamp\www\prueba_1\protected\views\site\contact.php(42): CActiveForm->textField(Object(ContactForm), 'ID')
#5 C:\wamp\www\yii\framework\web\CBaseController.php(126): require('C:\wamp\www\pru...')
#6 C:\wamp\www\yii\framework\web\CBaseController.php(95): CBaseController->renderInternal('C:\wamp\www\pru...', Array, true)
#7 C:\wamp\www\yii\framework\web\CController.php(869): CBaseController->renderFile('C:\wamp\www\pru...', Array, true)
#8 C:\wamp\www\yii\framework\web\CController.php(782): CController->renderPartial('contact', Array, true)
#9 C:\wamp\www\prueba_1\protected\controllers\SiteController.php(72): CController->render('contact', Array)
#10 C:\wamp\www\yii\framework\web\actions\CInlineAction.php(49): SiteController->actionContact()
#11 C:\wamp\www\yii\framework\web\CController.php(308): CInlineAction->runWithParams(Array)
#12 C:\wamp\www\yii\framework\web\CController.php(286): CController->runAction(Object(CInlineAction))
#13 C:\wamp\www\yii\framework\web\CController.php(265): CController->runActionWithFilters(Object(CInlineAction), Array)
#14 C:\wamp\www\yii\framework\web\CWebApplication.php(282): CController->run('contact')
#15 C:\wamp\www\yii\framework\web\CWebApplication.php(141): CWebApplication->runController('site/contact')
#16 C:\wamp\www\yii\framework\base\CApplication.php(180): CWebApplication->processRequest()
#17 C:\wamp\www\prueba_1\index.php(13): CApplication->run()
#18 {main}
REQUEST_URI=/prueba_1/index.php?r=site/contact
HTTP_REFERER=http://localhost/prueba_1/
---
2014/04/14 16:01:31 [error] [exception.CException] exception 'CException' with message 'Property "ContactForm.ID" is not defined.' in C:\wamp\www\yii\framework\base\CComponent.php:130
Stack trace:
#0 C:\wamp\www\yii\framework\web\helpers\CHtml.php(2529): CComponent->__get('ID')
#1 C:\wamp\www\yii\framework\web\helpers\CHtml.php(2252): CHtml::resolveValue(Object(ContactForm), 'ID')
#2 C:\wamp\www\yii\framework\web\helpers\CHtml.php(1434): CHtml::activeInputField('text', Object(ContactForm), 'ID', Array)
#3 C:\wamp\www\yii\framework\web\widgets\CActiveForm.php(725): CHtml::activeTextField(Object(ContactForm), 'ID', Array)
#4 C:\wamp\www\prueba_1\protected\views\site\contact.php(42): CActiveForm->textField(Object(ContactForm), 'ID')
#5 C:\wamp\www\yii\framework\web\CBaseController.php(126): require('C:\wamp\www\pru...')
#6 C:\wamp\www\yii\framework\web\CBaseController.php(95): CBaseController->renderInternal('C:\wamp\www\pru...', Array, true)
#7 C:\wamp\www\yii\framework\web\CController.php(869): CBaseController->renderFile('C:\wamp\www\pru...', Array, true)
#8 C:\wamp\www\yii\framework\web\CController.php(782): CController->renderPartial('contact', Array, true)
#9 C:\wamp\www\prueba_1\protected\controllers\SiteController.php(72): CController->render('contact', Array)
#10 C:\wamp\www\yii\framework\web\actions\CInlineAction.php(49): SiteController->actionContact()
#11 C:\wamp\www\yii\framework\web\CController.php(308): CInlineAction->runWithParams(Array)
#12 C:\wamp\www\yii\framework\web\CController.php(286): CController->runAction(Object(CInlineAction))
#13 C:\wamp\www\yii\framework\web\CController.php(265): CController->runActionWithFilters(Object(CInlineAction), Array)
#14 C:\wamp\www\yii\framework\web\CWebApplication.php(282): CController->run('contact')
#15 C:\wamp\www\yii\framework\web\CWebApplication.php(141): CWebApplication->runController('site/contact')
#16 C:\wamp\www\yii\framework\base\CApplication.php(180): CWebApplication->processRequest()
#17 C:\wamp\www\prueba_1\index.php(13): CApplication->run()
#18 {main}
REQUEST_URI=/prueba_1/index.php?r=site/contact
HTTP_REFERER=http://localhost/prueba_1/
---
2014/04/16 15:34:37 [error] [exception.CHttpException.404] exception 'CHttpException' with message 'The system is unable to find the requested action "index.php".' in C:\wamp\www\yii\framework\web\CController.php:483
Stack trace:
#0 C:\wamp\www\yii\framework\web\CController.php(270): CController->missingAction('index.php')
#1 C:\wamp\www\yii\framework\web\CWebApplication.php(282): CController->run('index.php')
#2 C:\wamp\www\yii\framework\web\CWebApplication.php(141): CWebApplication->runController('hola/index.php')
#3 C:\wamp\www\yii\framework\base\CApplication.php(180): CWebApplication->processRequest()
#4 C:\wamp\www\prueba_1\index.php(14): CApplication->run()
#5 {main}
REQUEST_URI=/prueba_1/hola/index.php
---
